<?xml version="1.0" encoding="utf-8"?><testsuites name="pytest tests"><testsuite name="pytest" errors="0" failures="3" skipped="0" tests="745" time="755.868" timestamp="2026-09-19T17:47:03.810526+08:00" hostname="MacBook-Pro-4.local"><testcase classname="tests.vnext.test_acceptance_report" name="test_missing_cases_are_not_run_and_cannot_become_pass" time="0.001" /><testcase classname="tests.vnext.test_acceptance_report" name="test_pass_requires_a_real_command_exit_code_and_evidence" time="0.001" /><testcase classname="tests.vnext.test_acceptance_report" name="test_recorded_results_are_preserved_and_unknown_ids_rejected" time="0.001" /><testcase classname="tests.vnext.test_acceptance_report" name="test_catalog_has_all_cases_and_default_report_is_incomplete" time="0.001" /><testcase classname="tests.vnext.test_archive_roundtrip" name="test_archive_export_import_roundtrip_is_non_executable" time="0.021" /><testcase classname="tests.vnext.test_archive_roundtrip" name="test_archive_import_rejects_active_cutover_fields_and_conflicting_replay" time="0.001" /><testcase classname="tests.vnext.test_capability_chain" name="test_scheduler_hands_a_published_target_tool_to_explore_only" time="2.535" /><testcase classname="tests.vnext.test_capability_chain" name="test_scheduler_refuses_a_target_tool_on_reason_or_a_mechanism_task" time="2.263" /><testcase classname="tests.vnext.test_capability_chain" name="test_scheduler_refuses_a_target_tool_for_a_mechanism_task" time="2.540" /><testcase classname="tests.vnext.test_capture_transactions" name="test_agent_cannot_use_capture_endpoint" time="1.295" /><testcase classname="tests.vnext.test_capture_transactions" name="test_bound_collector_persists_one_observation_all_bytes_without_extractor" time="1.093" /><testcase classname="tests.vnext.test_capture_transactions" name="test_replay_is_stable_and_conflicting_arrays_or_text_are_rejected" time="1.246" /><testcase classname="tests.vnext.test_capture_transactions" name="test_capture_rejects_unbound_or_mismatched_identity[tenant_id-tenant-other]" time="0.886" /><testcase classname="tests.vnext.test_capture_transactions" name="test_capture_rejects_unbound_or_mismatched_identity[project_id-project-other]" time="1.024" /><testcase classname="tests.vnext.test_capture_transactions" name="test_capture_rejects_unbound_or_mismatched_identity[task_id-task-sibling]" time="1.331" /><testcase classname="tests.vnext.test_capture_transactions" name="test_capture_rejects_unbound_or_mismatched_identity[work_item_id-work-b]" time="1.117" /><testcase classname="tests.vnext.test_capture_transactions" name="test_capture_rejects_unbound_or_mismatched_identity[agent_run_id-missing]" time="1.083" /><testcase classname="tests.vnext.test_capture_transactions" name="test_capture_rejects_unbound_or_mismatched_identity[receiver_id-other]" time="1.075" /><testcase classname="tests.vnext.test_capture_transactions" name="test_capture_rejects_unbound_or_mismatched_identity[execution_epoch-2]" time="1.111" /><testcase classname="tests.vnext.test_capture_transactions" name="test_capture_rejects_unbound_or_mismatched_identity[run_epoch-2]" time="0.901" /><testcase classname="tests.vnext.test_capture_transactions" name="test_capture_rejects_unbound_or_mismatched_identity[runtime_attempt-2]" time="1.060" /><testcase classname="tests.vnext.test_capture_transactions" name="test_capture_rejects_unbound_or_mismatched_identity[tool_call_id-provider-opaque-call]" time="1.180" /><testcase classname="tests.vnext.test_capture_transactions" name="test_capture_rejects_unbound_or_mismatched_identity[tool_attempt_id-missing]" time="1.007" /><testcase classname="tests.vnext.test_capture_transactions" name="test_evidence_requires_capture_id_as_idempotency_key[None]" time="1.685" /><testcase classname="tests.vnext.test_capture_transactions" name="test_evidence_requires_capture_id_as_idempotency_key[different-operation]" time="1.207" /><testcase classname="tests.vnext.test_capture_transactions" name="test_replay_and_artifact_download_recheck_current_permission" time="1.292" /><testcase classname="tests.vnext.test_capture_transactions" name="test_started_late_attempt_is_historical_only_with_settlement_authority[True]" time="1.247" /><testcase classname="tests.vnext.test_capture_transactions" name="test_started_late_attempt_is_historical_only_with_settlement_authority[False]" time="0.962" /><testcase classname="tests.vnext.test_capture_transactions" name="test_capture_rejects_missing_or_changed_actual_bytes[missing]" time="1.108" /><testcase classname="tests.vnext.test_capture_transactions" name="test_capture_rejects_missing_or_changed_actual_bytes[changed]" time="1.884" /><testcase classname="tests.vnext.test_capture_transactions" name="test_capture_publication_database_failure_rolls_back_all_domain_state" time="1.904" /><testcase classname="tests.vnext.test_capture_transactions" name="test_partial_output_and_source_axes_do_not_certify_business_truth" time="2.169" /><testcase classname="tests.vnext.test_capture_transactions" name="test_model_or_imported_bytes_cannot_be_laundered_into_capture[model_output]" time="1.258" /><testcase classname="tests.vnext.test_capture_transactions" name="test_model_or_imported_bytes_cannot_be_laundered_into_capture[import]" time="1.158" /><testcase classname="tests.vnext.test_capture_transactions" name="test_snapshot_pins_revisions_states_relations_after_connection_close" time="1.107" /><testcase classname="tests.vnext.test_capture_transactions" name="test_snapshot_query_scope_current_access_and_expiration" time="1.022" /><testcase classname="tests.vnext.test_capture_transactions" name="test_gc_retains_live_commit_leases_and_published_snapshot_bytes" time="1.374" /><testcase classname="tests.vnext.test_capture_transactions" name="test_snapshot_publication_and_gc_use_two_coordinated_connections" time="1.219" /><testcase classname="tests.vnext.test_capture_transactions" name="test_partial_body_and_complete_metadata_remain_one_partial_observation" time="1.284" /><testcase classname="tests.vnext.test_capture_transactions" name="test_late_receipt_requires_a_trusted_start_record" time="1.276" /><testcase classname="tests.vnext.test_capture_transactions" name="test_private_publication_pin_protects_visible_bytes_from_lower_clearance_gc" time="1.117" /><testcase classname="tests.vnext.test_capture_transactions" name="test_read_only_member_can_create_a_snapshot_without_domain_write" time="1.035" /><testcase classname="tests.vnext.test_capture_transactions" name="test_revoked_collector_cannot_release_commit_lease" time="0.927" /><testcase classname="tests.vnext.test_capture_transactions" name="test_gc_preserves_artifact_cited_by_claim_before_snapshot" time="1.250" /><testcase classname="tests.vnext.test_completion_portal" name="test_the_operator_opens_the_epoch_closes_and_gets_a_frozen_report" time="1.831" /><testcase classname="tests.vnext.test_completion_portal" name="test_close_before_the_epoch_is_refused_without_a_decision" time="1.155" /><testcase classname="tests.vnext.test_completion_portal" name="test_an_unfinished_goal_cannot_open_an_epoch_through_the_product_entry" time="1.058" /><testcase classname="tests.vnext.test_completion_portal" name="test_a_forced_close_keeps_trigger_and_outcome_through_the_product_entry" time="1.917" /><testcase classname="tests.vnext.test_completion_portal" name="test_only_an_actor_with_control_over_this_task_may_drive_completion" time="1.077" /><testcase classname="tests.vnext.test_completion_portal" name="test_the_signed_http_routes_return_the_closed_task_and_its_report" time="1.360" /><testcase classname="tests.vnext.test_completion_protocol" name="test_a_judgment_must_cite_sealed_evidence_and_then_supports_the_goal" time="1.078" /><testcase classname="tests.vnext.test_completion_protocol" name="test_late_counter_evidence_on_a_superseded_revision_is_recorded_but_not_current" time="1.068" /><testcase classname="tests.vnext.test_completion_protocol" name="test_only_an_assessor_may_record_a_judgment" time="0.903" /><testcase classname="tests.vnext.test_completion_protocol" name="test_the_closing_decision_keeps_trigger_and_outcome_independent" time="1.262" /><testcase classname="tests.vnext.test_completion_protocol" name="test_required_work_prevents_early_quiesce" time="0.999" /><testcase classname="tests.vnext.test_completion_protocol" name="test_precheck_does_not_wait_for_a_settled_reason_run" time="1.083" /><testcase classname="tests.vnext.test_completion_protocol" name="test_proposing_requires_control_over_this_exact_task" time="1.291" /><testcase classname="tests.vnext.test_completion_protocol" name="test_only_a_current_met_judgment_supports_the_goal[unknown-current-criteria_unmet]" time="1.077" /><testcase classname="tests.vnext.test_completion_protocol" name="test_only_a_current_met_judgment_supports_the_goal[not_applicable-current-criteria_unmet]" time="1.147" /><testcase classname="tests.vnext.test_completion_protocol" name="test_only_a_current_met_judgment_supports_the_goal[not_met-current-criteria_unmet]" time="0.959" /><testcase classname="tests.vnext.test_completion_protocol" name="test_only_a_current_met_judgment_supports_the_goal[met-stale-criteria_invalidated]" time="0.911" /><testcase classname="tests.vnext.test_completion_protocol" name="test_quiescing_refuses_new_work_but_still_accepts_the_open_runs_receipts" time="1.282" /><testcase classname="tests.vnext.test_completion_protocol" name="test_close_after_settlement_separates_trigger_from_outcome" time="1.442" /><testcase classname="tests.vnext.test_completion_protocol" name="test_the_report_freezes_after_close_and_never_rewrites" time="1.390" /><testcase classname="tests.vnext.test_completion_protocol" name="test_late_counter_evidence_is_appended_and_marks_the_report_disputed" time="1.789" /><testcase classname="tests.vnext.test_completion_protocol" name="test_a_goal_without_required_criteria_is_never_satisfied" time="1.295" /><testcase classname="tests.vnext.test_completion_protocol" name="test_open_work_committed_while_the_command_waits_is_never_frozen" time="1.514" /><testcase classname="tests.vnext.test_completion_protocol" name="test_a_judgment_change_without_a_board_event_refuses_a_delayed_close" time="1.066" /><testcase classname="tests.vnext.test_configure_refresh" name="test_refresh_images_preserves_binding_and_aligns_template" time="0.012" /><testcase classname="tests.vnext.test_configure_refresh" name="test_fresh_configuration_includes_isolated_public_api" time="3.302" /><testcase classname="tests.vnext.test_configure_refresh" name="test_rotating_the_task_leaves_also_republishes_the_template_secrets" time="0.002" /><testcase classname="tests.vnext.test_context_bundle" name="test_bundle_preserves_exact_refs_hypothesis_counterevidence_and_limitations" time="0.006" /><testcase classname="tests.vnext.test_context_bundle" name="test_bundle_rejects_claim_basis_ref_missing_from_read_set" time="0.000" /><testcase classname="tests.vnext.test_context_bundle" name="test_utf8_budget_rejects_whole_context_without_mutating_or_dropping_counterevidence" time="0.001" /><testcase classname="tests.vnext.test_context_bundle" name="test_bundle_normalizes_forged_fact_hint_and_keeps_precise_decimal_as_number" time="0.000" /><testcase classname="tests.vnext.test_context_bundle" name="test_exact_ref_duplicates_collapse_but_revisions_and_conflicts_do_not" time="0.000" /><testcase classname="tests.vnext.test_context_bundle" name="test_all_explicit_record_and_relation_refs_must_be_in_read_set" time="0.001" /><testcase classname="tests.vnext.test_context_bundle" name="test_supported_payloads_require_exact_identity_and_known_tasks_cannot_mix" time="0.002" /><testcase classname="tests.vnext.test_context_bundle" name="test_context_contract_rejects_invalid_limits_and_bounded_labels" time="0.000" /><testcase classname="tests.vnext.test_contract_fix_round1" name="test_command_receipt_identifies_its_actual_resource[task]" time="0.000" /><testcase classname="tests.vnext.test_contract_fix_round1" name="test_command_receipt_identifies_its_actual_resource[work_item]" time="0.000" /><testcase classname="tests.vnext.test_contract_fix_round1" name="test_command_receipt_identifies_its_actual_resource[approval]" time="0.000" /><testcase classname="tests.vnext.test_contract_fix_round1" name="test_command_resources_do_not_expand_canonical_knowledge_refs[task]" time="0.000" /><testcase classname="tests.vnext.test_contract_fix_round1" name="test_command_resources_do_not_expand_canonical_knowledge_refs[approval]" time="0.000" /><testcase classname="tests.vnext.test_contract_fix_round1" name="test_saved_p01_tool_call_response_matches_chat_completions_contract" time="0.013" /><testcase classname="tests.vnext.test_contract_fix_round1" name="test_saved_p01_continuation_request_matches_chat_completions_contract" time="0.008" /><testcase classname="tests.vnext.test_contract_fix_round1" name="test_unknown_schema_version_has_a_distinct_asgi_error" time="0.132" /><testcase classname="tests.vnext.test_contract_fix_round1" name="test_unknown_input_key_is_redacted_from_public_error_location" time="0.269" /><testcase classname="tests.vnext.test_contract_fix_round1" name="test_public_validation_diagnostics_are_bounded" time="0.133" /><testcase classname="tests.vnext.test_contract_fix_round1" name="test_recorded_database_wraps_real_transaction_cursor_and_iteration" time="0.140" /><testcase classname="tests.vnext.test_contract_fix_round1" name="test_recorded_database_logs_execute_error_and_real_rollback" time="0.090" /><testcase classname="tests.vnext.test_contract_fix_round1" name="test_database_environment_exposes_migration_and_second_app_connections" time="0.107" /><testcase classname="tests.vnext.test_contract_fix_round1" name="test_chunked_json_body_is_rejected_at_the_configured_byte_bound" time="0.001" /><testcase classname="tests.vnext.test_contract_fix_round1" name="test_json_boundary_terminates_when_client_disconnects_mid_body" time="0.000" /><testcase classname="tests.vnext.test_contract_fix_round1" name="test_large_integer_parser_failure_returns_safe_asgi_error" time="0.061" /><testcase classname="tests.vnext.test_contract_fix_round1" name="test_json_nesting_beyond_configured_depth_is_rejected" time="0.161" /><testcase classname="tests.vnext.test_contract_fix_round1" name="test_json_body_read_deadline_returns_a_safe_error" time="0.011" /><testcase classname="tests.vnext.test_contract_fix_round1" name="test_strict_json_boundary_replays_the_original_body_bytes" time="0.001" /><testcase classname="tests.vnext.test_contract_fix_round1" name="test_decimal_parser_preserves_finite_exponent_and_integer_types" time="0.000" /><testcase classname="tests.vnext.test_contract_fix_round1" name="test_canonical_json_keeps_distinct_high_precision_numbers" time="0.000" /><testcase classname="tests.vnext.test_contract_fix_round1" name="test_decimal_number_survives_actual_asgi_and_pydantic_path[1e400]" time="0.105" /><testcase classname="tests.vnext.test_contract_fix_round1" name="test_decimal_number_survives_actual_asgi_and_pydantic_path[1.0000000000000001]" time="0.253" /><testcase classname="tests.vnext.test_contract_fix_round1" name="test_json_safety_limits_are_explicit_and_finite[{&quot;n&quot;:1e10001}]" time="0.000" /><testcase classname="tests.vnext.test_contract_fix_round1" name="test_json_safety_limits_are_explicit_and_finite[{&quot;n&quot;:0e10001}]" time="0.000" /><testcase classname="tests.vnext.test_contract_fix_round1" name="test_decimal_encoder_applies_the_configured_exponent_limit" time="0.001" /><testcase classname="tests.vnext.test_contract_fix_round1" name="test_create_app_rejects_routes_that_bypass_strict_request_extension" time="0.148" /><testcase classname="tests.vnext.test_contract_fix_round1" name="test_ordinary_endpoint_fails_before_lossy_decimal_response_encoding[/api/v2/test/claim-default]" time="0.078" /><testcase classname="tests.vnext.test_contract_fix_round1" name="test_ordinary_endpoint_fails_before_lossy_decimal_response_encoding[/api/v2/test/claim-model-default]" time="0.071" /><testcase classname="tests.vnext.test_contract_fix_round2" name="test_nonempty_unsupported_media_is_rejected_before_downstream[None]" time="0.001" /><testcase classname="tests.vnext.test_contract_fix_round2" name="test_nonempty_unsupported_media_is_rejected_before_downstream[text/plain]" time="0.001" /><testcase classname="tests.vnext.test_contract_fix_round2" name="test_nonempty_unsupported_media_is_rejected_before_downstream[application/octet-stream]" time="0.001" /><testcase classname="tests.vnext.test_contract_fix_round2" name="test_headerless_body_is_still_subject_to_the_byte_limit" time="0.001" /><testcase classname="tests.vnext.test_contract_fix_round2" name="test_empty_body_without_content_type_replays_to_downstream" time="0.001" /><testcase classname="tests.vnext.test_contract_fix_round2" name="test_disconnect_terminates_before_downstream_without_a_fabricated_response" time="0.001" /><testcase classname="tests.vnext.test_contract_fix_round2" name="test_replay_forwards_real_disconnect_after_the_cached_body" time="0.001" /><testcase classname="tests.vnext.test_contract_fix_round2" name="test_composition_rejects_strict_route_without_vnext_response_guard" time="0.125" /><testcase classname="tests.vnext.test_contract_fix_round2" name="test_force_rollback_records_the_native_normal_exit_rollback" time="0.149" /><testcase classname="tests.vnext.test_contract_shapes" name="test_approved_examples_validate[claim_candidate.json-ClaimProposal]" time="0.001" /><testcase classname="tests.vnext.test_contract_shapes" name="test_approved_examples_validate[claim_hypothesis.json-ClaimProposal]" time="0.001" /><testcase classname="tests.vnext.test_contract_shapes" name="test_approved_examples_validate[assessment_supported.json-FactAssessment]" time="0.004" /><testcase classname="tests.vnext.test_contract_shapes" name="test_approved_examples_validate[agent_payload.json-AgentPayload]" time="0.002" /><testcase classname="tests.vnext.test_contract_shapes" name="test_approved_examples_validate[result_envelope.json-ResultEnvelope]" time="0.002" /><testcase classname="tests.vnext.test_contract_shapes" name="test_approved_examples_validate[capture_envelope.json-CaptureEnvelope]" time="0.001" /><testcase classname="tests.vnext.test_contract_shapes" name="test_approved_examples_validate[session_manifest.json-SessionManifest]" time="0.001" /><testcase classname="tests.vnext.test_contract_shapes" name="test_approved_examples_validate[worker_assignment.json-WorkerAssignment]" time="0.001" /><testcase classname="tests.vnext.test_contract_shapes" name="test_approved_examples_validate[topology_snapshot.json-TopologySnapshot]" time="0.001" /><testcase classname="tests.vnext.test_contract_shapes" name="test_approved_examples_validate[view_event_batch.json-ViewEventBatch]" time="0.001"><failure message="pydantic_core._pydantic_core.ValidationError: 2 validation errors for ViewEventBatch&#10;schema_version&#10;  Input should be 'wuji.view-event.v3' [type=literal_error, input_value='wuji.view-event.v2', input_type=str]&#10;    For further information visit https://errors.pydantic.dev/2.13/v/literal_error&#10;snapshot_id&#10;  Field required [type=missing, input_value={'schema_version': 'wuji.... A 的 version=17'}}]}, input_type=dict]&#10;    For further information visit https://errors.pydantic.dev/2.13/v/missing">tests/vnext/test_contract_shapes.py:57: in test_approved_examples_validate
    model.model_validate(_example(filename))
E   pydantic_core._pydantic_core.ValidationError: 2 validation errors for ViewEventBatch
E   schema_version
E     Input should be 'wuji.view-event.v3' [type=literal_error, input_value='wuji.view-event.v2', input_type=str]
E       For further information visit https://errors.pydantic.dev/2.13/v/literal_error
E   snapshot_id
E     Field required [type=missing, input_value={'schema_version': 'wuji.... A 的 version=17'}}]}, input_type=dict]
E       For further information visit https://errors.pydantic.dev/2.13/v/missing</failure></testcase><testcase classname="tests.vnext.test_contract_shapes" name="test_approved_examples_validate[view_reset.json-ViewReset]" time="0.002" /><testcase classname="tests.vnext.test_contract_shapes" name="test_negative_examples_are_rejected[reject_self_certified_claim.json-ClaimProposal]" time="0.001" /><testcase classname="tests.vnext.test_contract_shapes" name="test_negative_examples_are_rejected[reject_model_only_support.json-FactAssessment]" time="0.001" /><testcase classname="tests.vnext.test_contract_shapes" name="test_negative_examples_are_rejected[reject_global_sequence_leak.json-ViewEventBatch]" time="0.001" /><testcase classname="tests.vnext.test_contract_shapes" name="test_assessment_command_cannot_wrap_model_only_supported_assessment" time="0.002" /><testcase classname="tests.vnext.test_contract_shapes" name="test_candidate_cannot_supply_protected_authority[collector_id]" time="0.001" /><testcase classname="tests.vnext.test_contract_shapes" name="test_candidate_cannot_supply_protected_authority[evidence_state]" time="0.000" /><testcase classname="tests.vnext.test_contract_shapes" name="test_candidate_cannot_supply_protected_authority[grounding_state]" time="0.000" /><testcase classname="tests.vnext.test_contract_shapes" name="test_candidate_cannot_supply_protected_authority[applicability_state]" time="0.000" /><testcase classname="tests.vnext.test_contract_shapes" name="test_candidate_cannot_supply_protected_authority[fact_assessment]" time="0.000" /><testcase classname="tests.vnext.test_contract_shapes" name="test_candidate_cannot_supply_protected_authority[task_state]" time="0.000" /><testcase classname="tests.vnext.test_contract_shapes" name="test_candidate_cannot_supply_protected_authority[run_epoch]" time="0.000" /><testcase classname="tests.vnext.test_contract_shapes" name="test_unstructured_candidate_text_preserves_whitespace" time="0.000" /><testcase classname="tests.vnext.test_contract_shapes" name="test_intent_can_reference_a_claim_from_the_same_payload" time="0.000" /><testcase classname="tests.vnext.test_contract_shapes" name="test_proposal_local_reference_cannot_impersonate_a_canonical_reference" time="0.000" /><testcase classname="tests.vnext.test_contract_shapes" name="test_run_identity_revisions_are_canonical_decimal_strings[1]" time="0.000" /><testcase classname="tests.vnext.test_contract_shapes" name="test_run_identity_revisions_are_canonical_decimal_strings[-1_0]" time="0.000" /><testcase classname="tests.vnext.test_contract_shapes" name="test_run_identity_revisions_are_canonical_decimal_strings[-1_1]" time="0.000" /><testcase classname="tests.vnext.test_contract_shapes" name="test_run_identity_revisions_are_canonical_decimal_strings[01]" time="0.000" /><testcase classname="tests.vnext.test_contract_shapes" name="test_run_identity_revisions_are_canonical_decimal_strings[1.0]" time="0.000" /><testcase classname="tests.vnext.test_contract_shapes" name="test_run_identity_revisions_are_canonical_decimal_strings[ 1]" time="0.000" /><testcase classname="tests.vnext.test_contract_shapes" name="test_result_envelope_rejects_trusted_fields_inside_agent_payload" time="0.000" /><testcase classname="tests.vnext.test_contract_shapes" name="test_work_state_contains_no_superseded_value" time="0.000" /><testcase classname="tests.vnext.test_contract_shapes" name="test_fact_is_not_a_canonical_knowledge_entity_type" time="0.000" /><testcase classname="tests.vnext.test_contract_shapes" name="test_contract_allows_every_published_work_transition" time="0.001" /><testcase classname="tests.vnext.test_contract_shapes" name="test_terminal_work_cannot_return_to_ready[done]" time="0.000" /><testcase classname="tests.vnext.test_contract_shapes" name="test_terminal_work_cannot_return_to_ready[failed]" time="0.000" /><testcase classname="tests.vnext.test_contract_shapes" name="test_terminal_work_cannot_return_to_ready[cancelled]" time="0.001" /><testcase classname="tests.vnext.test_contract_shapes" name="test_openapi_contains_every_machine_contract_enum_and_required_shape" time="0.329"><failure message="AssertionError: assert {'WorkerAssig...s', ...], ...} == {'WorkerAssig...s', ...], ...}&#10;  &#10;  Omitting 9 identical items, use -vv to show&#10;  Differing items:&#10;  {'ViewEventBatch': ['schema_version', 'view_id', 'snapshot_id', 'base_view_revision', 'view_revision', 'cursor', ...]} != {'ViewEventBatch': ['schema_version', 'view_id', 'base_view_revision', 'view_revision', 'cursor', 'patches']}&#10;  Use -v to get more diff">tests/vnext/test_contract_shapes.py:321: in test_openapi_contains_every_machine_contract_enum_and_required_shape
    assert {
E   AssertionError: assert {'WorkerAssig...s', ...], ...} == {'WorkerAssig...s', ...], ...}
E     
E     Omitting 9 identical items, use -vv to show
E     Differing items:
E     {'ViewEventBatch': ['schema_version', 'view_id', 'snapshot_id', 'base_view_revision', 'view_revision', 'cursor', ...]} != {'ViewEventBatch': ['schema_version', 'view_id', 'base_view_revision', 'view_revision', 'cursor', 'patches']}
E     Use -v to get more diff</failure></testcase><testcase classname="tests.vnext.test_contract_shapes" name="test_openapi_publishes_the_complete_s13_route_set" time="0.245"><failure message="AssertionError: assert {'/api/v2/app...ask_id}', ...} == {'/api/v2/app...ssments', ...}&#10;  &#10;  Extra items in the left set:&#10;  '/api/v2/tasks/{task_id}/artifacts/{artifact_id}/material'&#10;  '/api/v2/projects/{project_id}/task-options'&#10;  '/api/v2/tasks/{task_id}'&#10;  '/api/v2/tasks/{task_id}/readiness'&#10;  '/api/v2/tasks/{task_id}/launch'&#10;  Use -v to get more diff">tests/vnext/test_contract_shapes.py:334: in test_openapi_publishes_the_complete_s13_route_set
    assert set(openapi["paths"]) == {
E   AssertionError: assert {'/api/v2/app...ask_id}', ...} == {'/api/v2/app...ssments', ...}
E     
E     Extra items in the left set:
E     '/api/v2/tasks/{task_id}/artifacts/{artifact_id}/material'
E     '/api/v2/projects/{project_id}/task-options'
E     '/api/v2/tasks/{task_id}'
E     '/api/v2/tasks/{task_id}/readiness'
E     '/api/v2/tasks/{task_id}/launch'
E     Use -v to get more diff</failure></testcase><testcase classname="tests.vnext.test_contract_shapes" name="test_view_query_is_typed_without_internal_watermarks" time="0.000" /><testcase classname="tests.vnext.test_contract_shapes" name="test_numeric_limits_remain_integers_while_revisions_are_strings" time="0.000" /><testcase classname="tests.vnext.test_contract_shapes" name="test_finite_integer_coordinates_are_valid_json_numbers" time="0.001" /><testcase classname="tests.vnext.test_contract_shapes" name="test_duplicate_json_keys_are_rejected_before_model_validation" time="0.000" /><testcase classname="tests.vnext.test_contract_shapes" name="test_nonfinite_json_numbers_are_rejected[NaN]" time="0.000" /><testcase classname="tests.vnext.test_contract_shapes" name="test_nonfinite_json_numbers_are_rejected[Infinity]" time="0.000" /><testcase classname="tests.vnext.test_contract_shapes" name="test_nonfinite_json_numbers_are_rejected[-Infinity]" time="0.000" /><testcase classname="tests.vnext.test_contract_shapes" name="test_canonical_json_preserves_strings_and_array_order" time="0.000" /><testcase classname="tests.vnext.test_contract_shapes" name="test_canonical_json_ignores_only_object_key_order_and_outer_spacing" time="0.000" /><testcase classname="tests.vnext.test_contract_shapes" name="test_protected_asgi_route_requires_a_bearer_token" time="0.119" /><testcase classname="tests.vnext.test_contract_shapes" name="test_protected_asgi_route_rejects_a_tampered_issuer_token" time="0.268" /><testcase classname="tests.vnext.test_contract_shapes" name="test_protected_asgi_route_rejects_invalid_registered_claims[wrong_issuer]" time="0.229" /><testcase classname="tests.vnext.test_contract_shapes" name="test_protected_asgi_route_rejects_invalid_registered_claims[wrong_audience]" time="0.184" /><testcase classname="tests.vnext.test_contract_shapes" name="test_protected_asgi_route_rejects_invalid_registered_claims[expired]" time="0.082" /><testcase classname="tests.vnext.test_contract_shapes" name="test_issuer_signed_identity_reaches_the_real_asgi_route" time="0.321" /><testcase classname="tests.vnext.test_contract_shapes" name="test_asgi_boundary_rejects_unsafe_json_before_route_dispatch[{&quot;authority&quot;:&quot;agent&quot;,&quot;authority&quot;:&quot;collector&quot;}]" time="0.044" /><testcase classname="tests.vnext.test_contract_shapes" name="test_asgi_boundary_rejects_unsafe_json_before_route_dispatch[{&quot;coordinate&quot;:NaN}]" time="0.115" /><testcase classname="tests.vnext.test_contract_shapes" name="test_asgi_model_validation_uses_the_versioned_error_envelope" time="0.317" /><testcase classname="tests.vnext.test_contract_shapes" name="test_db_conn_is_real_postgres_in_an_isolated_nonowner_database" time="0.138" /><testcase classname="tests.vnext.test_control_integration" name="test_signed_http_applies_task_and_work_commands_through_control_service" time="1.727" /><testcase classname="tests.vnext.test_control_integration" name="test_work_locator_hides_missing_and_ambiguous_global_ids" time="0.973" /><testcase classname="tests.vnext.test_credential_refresh" name="test_rotation_never_puts_secret_material_in_process_arguments" time="0.000" /><testcase classname="tests.vnext.test_credential_refresh" name="test_the_plan_covers_every_consumer_with_one_fixed_subject" time="0.000" /><testcase classname="tests.vnext.test_credential_refresh" name="test_a_ttl_outside_the_published_window_is_refused[0]" time="0.000" /><testcase classname="tests.vnext.test_credential_refresh" name="test_a_ttl_outside_the_published_window_is_refused[0.5]" time="0.000" /><testcase classname="tests.vnext.test_credential_refresh" name="test_a_ttl_outside_the_published_window_is_refused[72.5]" time="0.000" /><testcase classname="tests.vnext.test_credential_refresh" name="test_a_ttl_outside_the_published_window_is_refused[100]" time="0.000" /><testcase classname="tests.vnext.test_credential_refresh" name="test_a_ttl_outside_the_published_window_is_refused[-1]" time="0.000" /><testcase classname="tests.vnext.test_credential_refresh" name="test_a_ttl_outside_the_published_window_is_refused[24]" time="0.000" /><testcase classname="tests.vnext.test_credential_refresh" name="test_a_ttl_outside_the_published_window_is_refused[True]" time="0.000" /><testcase classname="tests.vnext.test_credential_refresh" name="test_a_ttl_inside_the_published_window_is_accepted[1]" time="0.000" /><testcase classname="tests.vnext.test_credential_refresh" name="test_a_ttl_inside_the_published_window_is_accepted[4]" time="0.000" /><testcase classname="tests.vnext.test_credential_refresh" name="test_a_ttl_inside_the_published_window_is_accepted[24]" time="0.000" /><testcase classname="tests.vnext.test_credential_refresh" name="test_a_ttl_inside_the_published_window_is_accepted[72]" time="0.000" /><testcase classname="tests.vnext.test_credential_refresh" name="test_a_minted_bearer_carries_the_deployment_claims_and_a_bounded_lifetime" time="0.814" /><testcase classname="tests.vnext.test_credential_refresh" name="test_a_live_attempt_refuses_the_rotation_unless_explicitly_allowed" time="0.000" /><testcase classname="tests.vnext.test_credential_refresh" name="test_the_live_query_counts_only_an_open_window_and_an_enabled_receiver" time="0.000" /><testcase classname="tests.vnext.test_deepseek_compat" name="test_sse_usage_from_terminal_content_chunk_is_consumed" time="0.000" /><testcase classname="tests.vnext.test_deepseek_compat" name="test_sse_usage_only_chunk_is_consumed_for_compatibility" time="0.000" /><testcase classname="tests.vnext.test_deepseek_compat" name="test_sse_conflicting_usage_is_not_silently_merged" time="0.000" /><testcase classname="tests.vnext.test_dependency_probe" name="test_factory_is_from_installed_distribution" time="0.014" /><testcase classname="tests.vnext.test_dependency_probe" name="test_released_wheel_and_installed_files_match_lock" time="5.311" /><testcase classname="tests.vnext.test_dependency_probe" name="test_other_released_wheel_fails_pinned_digest_check" time="0.003" /><testcase classname="tests.vnext.test_dependency_probe" name="test_isolated_runtime_has_no_legacy_kernel" time="13.179" /><testcase classname="tests.vnext.test_dependency_probe" name="test_real_harness_tool_roundtrip" time="0.000" /><testcase classname="tests.vnext.test_dependency_probe" name="test_session_restores_history_in_fresh_process" time="0.000" /><testcase classname="tests.vnext.test_dependency_probe" name="test_native_approval_restores_original_call_across_processes[approve-1]" time="0.001" /><testcase classname="tests.vnext.test_dependency_probe" name="test_native_approval_restores_original_call_across_processes[reject-0]" time="0.000" /><testcase classname="tests.vnext.test_dependency_probe" name="test_explicit_nonempty_tool_advertisements_and_unknown_call" time="0.000" /><testcase classname="tests.vnext.test_dependency_probe" name="test_http_failure_has_no_hidden_retry_or_tool_execution" time="0.000" /><testcase classname="tests.vnext.test_dependency_probe" name="test_nonexecuting_stub_cannot_pass_call_count" time="0.001" /><testcase classname="tests.vnext.test_dependency_probe" name="test_cli_gate_blocks_incomplete_native_approval_evidence" time="0.004" /><testcase classname="tests.vnext.test_dependency_probe" name="test_cli_gate_requires_observed_nonempty_tool_table" time="0.002" /><testcase classname="tests.vnext.test_end_to_end" name="test_recorded_pass_requires_command_zero_and_evidence[command-]" time="0.003" /><testcase classname="tests.vnext.test_end_to_end" name="test_recorded_pass_requires_command_zero_and_evidence[exit_code-1]" time="0.001" /><testcase classname="tests.vnext.test_end_to_end" name="test_recorded_pass_requires_command_zero_and_evidence[evidence_refs-value2]" time="0.001" /><testcase classname="tests.vnext.test_end_to_end" name="test_complete_recorded_pass_is_accepted_by_the_contract_only" time="0.001" /><testcase classname="tests.vnext.test_end_to_end" name="test_unknown_case_is_rejected" time="0.001" /><testcase classname="tests.vnext.test_end_to_end" name="test_duplicate_recorded_case_is_rejected" time="0.001" /><testcase classname="tests.vnext.test_end_to_end" name="test_duplicate_catalog_case_is_rejected" time="0.001" /><testcase classname="tests.vnext.test_end_to_end" name="test_recorded_result_missing_required_field_is_rejected[recorded0-requires case_id]" time="0.002" /><testcase classname="tests.vnext.test_end_to_end" name="test_recorded_result_missing_required_field_is_rejected[recorded1-invalid status]" time="0.001" /><testcase classname="tests.vnext.test_evaluation_accounting" name="test_reason_and_summary_are_part_of_total_budget" time="0.000" /><testcase classname="tests.vnext.test_evaluation_accounting" name="test_invalid_gateway_cost_is_not_silently_zero[-0.01]" time="0.000" /><testcase classname="tests.vnext.test_evaluation_accounting" name="test_invalid_gateway_cost_is_not_silently_zero[NaN]" time="0.000" /><testcase classname="tests.vnext.test_evaluation_accounting" name="test_invalid_gateway_cost_is_not_silently_zero[Infinity]" time="0.000" /><testcase classname="tests.vnext.test_evaluation_accounting" name="test_invalid_gateway_cost_is_not_silently_zero[None]" time="0.000" /><testcase classname="tests.vnext.test_evaluation_accounting" name="test_invalid_gateway_cost_is_not_silently_zero[True]" time="0.000" /><testcase classname="tests.vnext.test_evaluation_accounting" name="test_offline_summary_preserves_repeated_trials_and_marks_budget_overrun" time="0.000" /><testcase classname="tests.vnext.test_evaluation_accounting" name="test_fair_comparison_validates_shared_metadata_and_preserves_each_trial" time="0.000" /><testcase classname="tests.vnext.test_evaluation_accounting" name="test_fair_comparison_rejects_metadata_mismatch[dataset_revision-fixture-other]" time="0.000" /><testcase classname="tests.vnext.test_evaluation_accounting" name="test_fair_comparison_rejects_metadata_mismatch[model-value1]" time="0.001" /><testcase classname="tests.vnext.test_evaluation_accounting" name="test_fair_comparison_rejects_metadata_mismatch[tools-value2]" time="0.001" /><testcase classname="tests.vnext.test_evaluation_accounting" name="test_fair_comparison_rejects_metadata_mismatch[budget_usd-0.11]" time="0.000" /><testcase classname="tests.vnext.test_evaluation_accounting" name="test_real_effectiveness_input_stays_not_run" time="0.000" /><testcase classname="tests.vnext.test_evaluation_accounting" name="test_cli_reads_json_and_writes_only_a_local_summary" time="0.052" /><testcase classname="tests.vnext.test_evidence_in_context" name="test_inline_material_delivers_sealed_text_and_names_every_omission" time="0.000" /><testcase classname="tests.vnext.test_evidence_in_context" name="test_inline_material_stops_at_the_published_budget_without_truncating" time="0.000" /><testcase classname="tests.vnext.test_evidence_in_context" name="test_inline_material_is_absent_without_an_artifact_reader" time="0.000" /><testcase classname="tests.vnext.test_evidence_in_context" name="test_context_bundle_renders_the_delivered_body_with_its_reference" time="0.002" /><testcase classname="tests.vnext.test_evidence_in_context" name="test_context_bundle_names_a_body_that_does_not_fit_the_context" time="0.001" /><testcase classname="tests.vnext.test_evidence_in_context" name="test_context_without_inline_material_is_unchanged" time="0.000" /><testcase classname="tests.vnext.test_exploration_loop" name="test_an_accepted_reason_decision_admits_work_that_the_scheduler_executes" time="2.792" /><testcase classname="tests.vnext.test_exploration_loop" name="test_a_committed_claim_reaches_the_next_reason_read_set" time="2.200" /><testcase classname="tests.vnext.test_exploration_loop" name="test_a_new_claim_reaches_the_next_reason_read_set" time="3.160" /><testcase classname="tests.vnext.test_exploration_loop" name="test_a_completion_request_is_answered_once_with_a_durable_review" time="2.625" /><testcase classname="tests.vnext.test_exploration_loop" name="test_a_sealed_model_output_never_becomes_board_material" time="2.372" /><testcase classname="tests.vnext.test_exploration_loop" name="test_an_identical_question_is_associated_instead_of_executed_again" time="3.890" /><testcase classname="tests.vnext.test_exploration_loop" name="test_a_repeated_question_with_new_basis_is_a_legitimate_continuation" time="0.000" /><testcase classname="tests.vnext.test_exploration_loop" name="test_a_published_window_stops_the_loop_once_and_new_material_releases_it" time="4.882" /><testcase classname="tests.vnext.test_exploration_loop" name="test_a_real_wait_and_live_work_do_not_count_as_no_progress" time="2.562" /><testcase classname="tests.vnext.test_exploration_trials" name="test_fixtures_and_preflight_keep_every_answer_outside_the_run" time="0.012" /><testcase classname="tests.vnext.test_exploration_trials" name="test_a_tampered_material_is_refused_before_a_run" time="0.008" /><testcase classname="tests.vnext.test_exploration_trials" name="test_case_run_config_publishes_only_this_case_materials" time="0.008" /><testcase classname="tests.vnext.test_exploration_trials" name="test_variant_labels_and_decoy_answers_stay_out_of_the_materials" time="0.009" /><testcase classname="tests.vnext.test_exploration_trials" name="test_a_mechanism_case_reads_its_first_published_material" time="0.012" /><testcase classname="tests.vnext.test_fault_matrix" name="test_non_pass_statuses_never_aggregate_as_pass[fail]" time="0.002" /><testcase classname="tests.vnext.test_fault_matrix" name="test_non_pass_statuses_never_aggregate_as_pass[not_run]" time="0.001" /><testcase classname="tests.vnext.test_fault_matrix" name="test_non_pass_statuses_never_aggregate_as_pass[blocked]" time="0.001" /><testcase classname="tests.vnext.test_fault_matrix" name="test_missing_result_defaults_to_not_run_and_keeps_gate_incomplete" time="0.001" /><testcase classname="tests.vnext.test_first_use_acceptance" name="test_cookie_origin_and_explicit_create_start_pause_cancel" time="0.682" /><testcase classname="tests.vnext.test_first_use_acceptance" name="test_cancel_acceptance_is_not_stopped[paused]" time="0.547" /><testcase classname="tests.vnext.test_first_use_acceptance" name="test_cancel_acceptance_is_not_stopped[reconciling]" time="0.545" /><testcase classname="tests.vnext.test_first_use_acceptance" name="test_cancel_acceptance_is_not_stopped[quiescing]" time="0.556" /><testcase classname="tests.vnext.test_first_use_acceptance" name="test_cancel_acceptance_is_not_stopped[running]" time="0.558" /><testcase classname="tests.vnext.test_first_use_acceptance" name="test_desired_state_never_satisfies_observed_wait" time="0.000" /><testcase classname="tests.vnext.test_first_use_acceptance" name="test_failure_keeps_http_ledger_and_original_pending_key[lost_create-2-transport_unknown]" time="0.538" /><testcase classname="tests.vnext.test_first_use_acceptance" name="test_failure_keeps_http_ledger_and_original_pending_key[http_create-1-http_response]" time="0.541" /><testcase classname="tests.vnext.test_first_use_acceptance" name="test_failure_keeps_http_ledger_and_original_pending_key[redirect_create-1-http_response]" time="0.563" /><testcase classname="tests.vnext.test_first_use_acceptance" name="test_origin_cannot_redirect_or_contain_credentials[https://example.invalid]" time="0.001" /><testcase classname="tests.vnext.test_first_use_acceptance" name="test_origin_cannot_redirect_or_contain_credentials[http://localhost/path]" time="0.001" /><testcase classname="tests.vnext.test_first_use_acceptance" name="test_origin_cannot_redirect_or_contain_credentials[http://u:p@localhost]" time="0.002" /><testcase classname="tests.vnext.test_first_use_acceptance" name="test_origin_cannot_redirect_or_contain_credentials[http://localhost/?token=x]" time="0.002" /><testcase classname="tests.vnext.test_first_use_acceptance" name="test_capture_checker_requires_real_shape_and_is_total_on_bad_refs" time="0.001" /><testcase classname="tests.vnext.test_first_use_acceptance" name="test_two_raw_captures_verify_bytes_and_content" time="1.052" /><testcase classname="tests.vnext.test_first_use_acceptance" name="test_streamed_native_call_id_is_joined_from_actual_delta_shape" time="1.017" /><testcase classname="tests.vnext.test_first_use_acceptance" name="test_capture_tampering_fails[source]" time="1.014" /><testcase classname="tests.vnext.test_first_use_acceptance" name="test_capture_tampering_fails[text]" time="1.014" /><testcase classname="tests.vnext.test_first_use_acceptance" name="test_capture_tampering_fails[length]" time="1.021" /><testcase classname="tests.vnext.test_first_use_acceptance" name="test_capture_tampering_fails[hash]" time="1.035" /><testcase classname="tests.vnext.test_first_use_acceptance" name="test_capture_tampering_fails[version]" time="1.018" /><testcase classname="tests.vnext.test_first_use_acceptance" name="test_capture_tampering_fails[substring]" time="1.016" /><testcase classname="tests.vnext.test_first_use_acceptance" name="test_capture_tampering_fails[task]" time="1.028" /><testcase classname="tests.vnext.test_first_use_acceptance" name="test_capture_tampering_fails[capture_task]" time="1.033" /><testcase classname="tests.vnext.test_first_use_acceptance" name="test_capture_tampering_fails[capture_text]" time="1.024" /><testcase classname="tests.vnext.test_first_use_acceptance" name="test_capture_tampering_fails[preloaded]" time="1.019" /><testcase classname="tests.vnext.test_first_use_acceptance" name="test_a1_frozen_environment_settlement_boundaries[environment_after_started]" time="1.655" /><testcase classname="tests.vnext.test_first_use_acceptance" name="test_a1_frozen_environment_settlement_boundaries[environment_empty]" time="1.162" /><testcase classname="tests.vnext.test_first_use_acceptance" name="test_a1_frozen_environment_settlement_boundaries[exited_empty]" time="1.574" /><testcase classname="tests.vnext.test_first_use_acceptance" name="test_a1_frozen_environment_settlement_boundaries[environment_unknown_tool]" time="1.278" /><testcase classname="tests.vnext.test_first_use_artifacts" name="test_public_artifact_router_reads_sealed_bytes_but_has_no_capture_producer" time="1.428" /><testcase classname="tests.vnext.test_first_use_artifacts" name="test_public_material_preview_is_exact_and_rechecks_current_permissions" time="1.893" /><testcase classname="tests.vnext.test_first_use_data_policy" name="test_real_model_admission_requires_persisted_creator_consent" time="1.793" /><testcase classname="tests.vnext.test_first_use_doctor" name="test_offline_doctor_redacts_secret_and_preserves_unknowns" time="0.002" /><testcase classname="tests.vnext.test_first_use_doctor" name="test_doctor_rejects_non_offline_mode" time="0.001" /><testcase classname="tests.vnext.test_first_use_launch" name="test_start_replay_keeps_receipt_and_initial_attempt_identity" time="1.065" /><testcase classname="tests.vnext.test_first_use_launch" name="test_claim_requires_project_worker_and_grants_minimal_task_acl" time="1.087" /><testcase classname="tests.vnext.test_first_use_launch" name="test_cancel_before_activate_does_not_wire_or_publish" time="1.509" /><testcase classname="tests.vnext.test_first_use_launch" name="test_prepare_crash_reclaims_by_observing_fixed_external_ref" time="1.372" /><testcase classname="tests.vnext.test_first_use_launch" name="test_wire_pending_never_publishes_capability_until_ready" time="1.102" /><testcase classname="tests.vnext.test_first_use_launch" name="test_prepare_definition_digest_rebinds_wire_but_not_public_input_digest" time="1.413" /><testcase classname="tests.vnext.test_first_use_launch" name="test_activation_receipt_replay_after_worker_response_loss_does_not_increment_epoch" time="1.581" /><testcase classname="tests.vnext.test_first_use_launch" name="test_two_start_keys_have_one_durable_launch_operation" time="0.862" /><testcase classname="tests.vnext.test_first_use_launch" name="test_api12_unknown_launch_rejects_start_and_bare_resume_without_new_operation" time="2.253" /><testcase classname="tests.vnext.test_first_use_launch" name="test_unprepared_task_can_cancel_but_cannot_bypass_capacity_to_activate" time="3.795" /><testcase classname="tests.vnext.test_first_use_runtime_configuration" name="test_tasks_routes_and_profiles_refresh_together_and_conflicts_preserve_old_state" time="0.025" /><testcase classname="tests.vnext.test_first_use_runtime_configuration" name="test_material_refresh_wrapper_preserves_explicit_representation" time="0.008" /><testcase classname="tests.vnext.test_first_use_task_budget" name="test_existing_task_budget_is_reconciled_without_resetting_spend" time="0.004" /><testcase classname="tests.vnext.test_first_use_task_budget" name="test_lost_generate_response_recovers_same_key_by_lookup" time="0.055" /><testcase classname="tests.vnext.test_first_use_task_budget" name="test_invalid_budget_never_contacts_gateway[NaN]" time="0.001" /><testcase classname="tests.vnext.test_first_use_task_budget" name="test_invalid_budget_never_contacts_gateway[Infinity]" time="0.001" /><testcase classname="tests.vnext.test_first_use_task_budget" name="test_invalid_budget_never_contacts_gateway[0]" time="0.000" /><testcase classname="tests.vnext.test_first_use_task_budget" name="test_invalid_budget_never_contacts_gateway[-1]" time="0.000" /><testcase classname="tests.vnext.test_first_use_task_catalog" name="test_catalog_preserves_entry_path_and_has_no_implicit_start" time="1.356" /><testcase classname="tests.vnext.test_first_use_task_catalog" name="test_task_list_cursor_is_last_returned_item_not_limit_plus_one" time="1.589" /><testcase classname="tests.vnext.test_first_use_task_catalog" name="test_options_do_not_infer_real_model_permission_from_profile_name" time="1.029" /><testcase classname="tests.vnext.test_first_use_task_catalog" name="test_read_capabilities_cannot_start_and_expired_scope_cannot_start" time="2.036" /><testcase classname="tests.vnext.test_first_use_task_catalog" name="test_create_idempotent_replay_after_task_revoke_is_hidden" time="2.198" /><testcase classname="tests.vnext.test_first_use_web_gateway" name="test_local_entry_exchange_is_not_origin_only_and_logout_revokes_session" time="0.292" /><testcase classname="tests.vnext.test_first_use_web_gateway" name="test_c01_c03_routes_are_multi_task_but_project_is_only_an_ingress_constraint" time="0.241" /><testcase classname="tests.vnext.test_first_use_web_gateway" name="test_route_and_json_negative_controls_are_bounded_and_do_not_forward" time="0.281" /><testcase classname="tests.vnext.test_first_use_web_gateway" name="test_public_material_and_artifact_content_are_bounded_and_internal_material_is_not_exposed" time="0.209" /><testcase classname="tests.vnext.test_first_use_web_gateway" name="test_lost_mutation_response_is_operation_unknown_without_replay" time="0.290" /><testcase classname="tests.vnext.test_first_use_web_gateway" name="test_view_ledger_binds_session_and_task_and_logout_does_not_cancel_worker" time="0.270" /><testcase classname="tests.vnext.test_http_record_rendering" name="test_saved_watchdog_http_package_states_its_incomplete_scope[true-1]" time="0.003" /><testcase classname="tests.vnext.test_http_record_rendering" name="test_saved_watchdog_http_package_states_its_incomplete_scope[false-0]" time="0.001" /><testcase classname="tests.vnext.test_http_record_rendering" name="test_http_model_and_header_names_cannot_promote_observation_scope" time="0.000" /><testcase classname="tests.vnext.test_http_record_rendering" name="test_complete_probe_metadata_still_has_a_neutral_http_header" time="0.000" /><testcase classname="tests.vnext.test_http_target_tool" name="test_in_scope_read_only_exchange_is_executed_and_sealed_as_evidence" time="3.910" /><testcase classname="tests.vnext.test_http_target_tool" name="test_out_of_scope_target_is_refused_before_any_attempt" time="2.242" /><testcase classname="tests.vnext.test_http_target_tool" name="test_only_bounded_read_only_target_requests_are_accepted[http://127.0.0.1:{port}/page-POST]" time="2.198" /><testcase classname="tests.vnext.test_http_target_tool" name="test_only_bounded_read_only_target_requests_are_accepted[ftp://127.0.0.1:{port}/page-GET]" time="1.668" /><testcase classname="tests.vnext.test_http_target_tool" name="test_only_bounded_read_only_target_requests_are_accepted[http://user:pass@127.0.0.1:{port}/page-GET]" time="2.200" /><testcase classname="tests.vnext.test_http_target_tool" name="test_only_bounded_read_only_target_requests_are_accepted[http://127.0.0.1:{port}/page\nX-Injected: 1-GET]" time="2.767" /><testcase classname="tests.vnext.test_http_target_tool" name="test_a_redirect_is_recorded_instead_of_followed" time="3.285" /><testcase classname="tests.vnext.test_http_target_tool" name="test_an_oversized_body_is_truncated_and_marked_partial" time="2.424" /><testcase classname="tests.vnext.test_http_target_tool" name="test_the_executor_refuses_a_permit_that_does_not_match_its_own_key" time="2.143" /><testcase classname="tests.vnext.test_k8s_runtime" name="test_deployment_ca_is_verified_by_worker_httpx_and_controller_urllib" time="1.706" /><testcase classname="tests.vnext.test_k8s_runtime" name="test_deployment_bundle_refuses_foreign_namespace_and_ca_private_key" time="0.001" /><testcase classname="tests.vnext.test_k8s_runtime" name="test_public_api_manifest_has_no_platform_artifact_mount" time="0.004" /><testcase classname="tests.vnext.test_knowledge_admission" name="test_revision_and_raw_first_wire_contract" time="0.000" /><testcase classname="tests.vnext.test_knowledge_admission" name="test_agent_candidate_real_check_and_only_one_body" time="1.638" /><testcase classname="tests.vnext.test_knowledge_admission" name="test_precise_checker_does_not_launder_evidence[wrong-value-contradicted]" time="1.713" /><testcase classname="tests.vnext.test_knowledge_admission" name="test_precise_checker_does_not_launder_evidence[unrelated-prose-unassessed]" time="1.636" /><testcase classname="tests.vnext.test_knowledge_admission" name="test_precise_checker_does_not_launder_evidence[partial-negative-inconclusive]" time="1.575" /><testcase classname="tests.vnext.test_knowledge_admission" name="test_free_candidates_and_model_opinions_do_not_self_certify" time="1.988" /><testcase classname="tests.vnext.test_knowledge_admission" name="test_revision_conflict_aggregation_and_frozen_snapshot" time="2.453" /><testcase classname="tests.vnext.test_knowledge_admission" name="test_raw_first_rejection_and_model_output_has_no_capture_power" time="1.696" /><testcase classname="tests.vnext.test_knowledge_admission" name="test_same_batch_topology_failure_has_no_phantom_records" time="2.184" /><testcase classname="tests.vnext.test_knowledge_admission" name="test_old_snapshot_append_and_current_auth_recheck" time="1.586" /><testcase classname="tests.vnext.test_knowledge_admission" name="test_claim_cross_owner_refs_and_agent_revision_authority" time="1.168" /><testcase classname="tests.vnext.test_knowledge_admission" name="test_assessment_actions_are_append_only_and_qualified" time="1.826" /><testcase classname="tests.vnext.test_knowledge_admission" name="test_raw_reconcile_after_received_and_late_settlement" time="3.540" /><testcase classname="tests.vnext.test_knowledge_admission" name="test_model_output_capability_cannot_seal_capture_or_change_lease" time="1.828" /><testcase classname="tests.vnext.test_knowledge_admission" name="test_batch_invalid_graph_preserves_independent_claim[values0]" time="1.160" /><testcase classname="tests.vnext.test_knowledge_admission" name="test_batch_invalid_graph_preserves_independent_claim[values1]" time="1.138" /><testcase classname="tests.vnext.test_knowledge_admission" name="test_batch_invalid_graph_preserves_independent_claim[values2]" time="1.811" /><testcase classname="tests.vnext.test_knowledge_admission" name="test_stale_readset_has_persistent_limit_not_execution_failure" time="2.142" /><testcase classname="tests.vnext.test_knowledge_admission" name="test_fixed_snapshot_includes_assessment_inputs_and_checks_current_access" time="1.988" /><testcase classname="tests.vnext.test_knowledge_admission" name="test_migration_preserves_heads_and_rejects_unknown" time="0.700" /><testcase classname="tests.vnext.test_knowledge_admission" name="test_generic_scalar_checks_keep_precision_and_partial_scope" time="2.520" /><testcase classname="tests.vnext.test_knowledge_admission" name="test_model_final_output_for_run_without_any_tool_attempt" time="1.029" /><testcase classname="tests.vnext.test_knowledge_admission" name="test_assessment_request_keeps_actor_foreign_key" time="1.003" /><testcase classname="tests.vnext.test_knowledge_admission" name="test_unverified_intent_is_readable_but_not_in_older_snapshot" time="1.185" /><testcase classname="tests.vnext.test_knowledge_admission" name="test_hidden_counterevidence_cannot_turn_public_claim_into_fact" time="2.124" /><testcase classname="tests.vnext.test_knowledge_admission" name="test_private_new_premise_revision_invalidates_low_reader_fact" time="1.447" /><testcase classname="tests.vnext.test_knowledge_admission" name="test_result_readset_uses_authoritative_freshness_for_private_new_version" time="1.589" /><testcase classname="tests.vnext.test_launch_adapter" name="test_wire_adds_one_task_without_rollout_or_dropping_existing_task" time="0.001" /><testcase classname="tests.vnext.test_launch_adapter" name="test_same_task_digest_conflict_and_secret_input_fail_closed" time="0.000" /><testcase classname="tests.vnext.test_launch_adapter" name="test_same_task_next_attempt_requires_same_definition_and_contiguous_attempt" time="0.000" /><testcase classname="tests.vnext.test_launch_adapter" name="test_a2_launch_worker_input_contract_uses_revision_strings_and_phase_observe" time="0.001" /><testcase classname="tests.vnext.test_layouts" name="test_layout_get_defaults_and_put_uses_personal_cas_without_domain_event" time="1.091" /><testcase classname="tests.vnext.test_layouts" name="test_layout_isolated_by_subject_and_view_mode" time="0.888" /><testcase classname="tests.vnext.test_layouts" name="test_layout_rejects_unknown_or_duplicate_anchors_and_invalid_json" time="0.952" /><testcase classname="tests.vnext.test_layouts" name="test_layout_revocation_is_indistinguishable_from_absence" time="0.882" /><testcase classname="tests.vnext.test_layouts" name="test_layout_migration_is_idempotent_and_records_the_module_head" time="0.610" /><testcase classname="tests.vnext.test_maf_child_transport" name="test_worker_host_bridge_exposes_the_start_permission_boundary" time="0.000" /><testcase classname="tests.vnext.test_maf_child_transport" name="test_runtime_dispatcher_exposes_the_product_outbox_entrypoint" time="0.000" /><testcase classname="tests.vnext.test_maf_child_transport" name="test_process_receipt_rejects_a_non_harness_assignment_profile" time="0.001" /><testcase classname="tests.vnext.test_maf_child_transport" name="test_runtime_service_owns_its_real_dispatch_journal_thread" time="0.007" /><testcase classname="tests.vnext.test_maf_child_transport" name="test_generated_worker_bridge_wire_is_bounded_and_strict" time="0.002" /><testcase classname="tests.vnext.test_maf_child_transport" name="test_actual_receipt_with_a_wrong_harness_profile_cannot_advance_p05" time="3.769" /><testcase classname="tests.vnext.test_maf_child_transport" name="test_mismatched_registered_pod_is_rejected_before_node_launch" time="3.759" /><testcase classname="tests.vnext.test_maf_child_transport" name="test_worker_revoked_after_ready_is_rejected_at_result_writepoint" time="11.696" /><testcase classname="tests.vnext.test_maf_child_transport" name="test_actual_supervisor_child_waits_for_start_and_receiver_replays_bytes[current-receiver-intake]" time="12.492" /><testcase classname="tests.vnext.test_maf_child_transport" name="test_actual_supervisor_child_waits_for_start_and_receiver_replays_bytes[revoked-first-intake]" time="11.913" /><testcase classname="tests.vnext.test_maf_child_transport" name="test_host_error_code_is_bounded_or_absent" time="0.003" /><testcase classname="tests.vnext.test_maf_child_transport" name="test_a_401_on_the_controller_channel_is_not_reported_as_a_stale_assignment" time="0.515" /><testcase classname="tests.vnext.test_maf_child_transport" name="test_an_authoritative_refusal_does_not_burn_the_delivery_budget" time="0.013" /><testcase classname="tests.vnext.test_maf_child_transport" name="test_a_gone_pod_settles_a_run_that_was_never_delivered" time="3.220" /><testcase classname="tests.vnext.test_maf_child_transport" name="test_a_run_that_may_have_executed_is_not_settled_by_a_gone_pod" time="3.221" /><testcase classname="tests.vnext.test_maf_child_transport" name="test_unresolved_delivery_is_retried_only_after_an_authoritative_absence" time="0.005" /><testcase classname="tests.vnext.test_maf_child_transport" name="test_disabled_receiver_stops_new_starts_but_keeps_reconciling" time="4.241" /><testcase classname="tests.vnext.test_maf_child_transport" name="test_tool_gate_refusal_names_the_published_code_and_keeps_the_escape" time="0.003" /><testcase classname="tests.vnext.test_maf_child_transport" name="test_model_gate_failure_is_classified_by_its_transport_cause" time="0.010" /><testcase classname="tests.vnext.test_maf_child_transport" name="test_a_task_whose_environment_is_not_ready_only_stops_its_own_starts" time="0.004" /><testcase classname="tests.vnext.test_maf_child_transport" name="test_an_unusable_environment_stops_every_new_start_but_keeps_the_loop" time="0.002" /><testcase classname="tests.vnext.test_maf_child_transport" name="test_the_runtime_loop_names_why_a_task_environment_is_not_ready" time="0.002" /><testcase classname="tests.vnext.test_maf_child_transport" name="test_delivered_child_context_carries_the_authorized_evidence_body" time="7.307" /><testcase classname="tests.vnext.test_maf_runtime" name="test_maf_runtime_exposes_the_formal_execute_operation_port" time="0.000" /><testcase classname="tests.vnext.test_maf_runtime" name="test_native_stream_contract_preserves_released_sdk_fields_and_token_dialect" time="0.001" /><testcase classname="tests.vnext.test_maf_runtime" name="test_verified_bearer_must_match_host_and_assignment_before_model_request" time="2.270" /><testcase classname="tests.vnext.test_maf_runtime" name="test_actual_maf_stream_tool_evidence_claim_and_result_replay" time="5.576" /><testcase classname="tests.vnext.test_maf_runtime" name="test_revoked_run_rejects_new_model_and_tool_gate_actions" time="4.967" /><testcase classname="tests.vnext.test_model_material_v2" name="test_http_renderer_accepts_text_subtypes_and_partial_captured_utf8" time="0.026" /><testcase classname="tests.vnext.test_model_material_v2" name="test_http_renderer_accepts_json_and_html_but_not_binary" time="0.001" /><testcase classname="tests.vnext.test_model_material_v2" name="test_http_renderer_never_invents_status_or_follows_a_redirect" time="0.000" /><testcase classname="tests.vnext.test_model_material_v2" name="test_http_renderer_rejects_source_digest_and_charset_mismatch" time="0.000" /><testcase classname="tests.vnext.test_model_material_v2" name="test_worker_v2_material_read_is_explicit_and_keeps_the_full_packet" time="0.001" /><testcase classname="tests.vnext.test_model_material_v2" name="test_reason_context_reuses_the_exact_http_artifact_reference" time="0.000" /><testcase classname="tests.vnext.test_model_material_v2" name="test_published_material_version_roundtrips_without_changing_legacy_profile_bytes" time="0.001" /><testcase classname="tests.vnext.test_model_material_v2" name="test_redirect_credentials_and_body_secrets_are_redacted_without_changing_source" time="0.000" /><testcase classname="tests.vnext.test_model_material_v2" name="test_capture_truncation_conflict_and_duplicate_container_fields_are_not_delivered" time="0.000" /><testcase classname="tests.vnext.test_p03_contracts" name="test_one_observation_preserves_all_ordered_artifact_refs" time="0.000" /><testcase classname="tests.vnext.test_p03_contracts" name="test_observation_artifact_refs_are_nonempty_and_bounded[refs0]" time="0.001" /><testcase classname="tests.vnext.test_p03_contracts" name="test_observation_artifact_refs_are_nonempty_and_bounded[refs1]" time="0.001" /><testcase classname="tests.vnext.test_p03_contracts" name="test_evidence_receipt_binds_exactly_the_published_observation[accepted]" time="0.000" /><testcase classname="tests.vnext.test_p03_contracts" name="test_evidence_receipt_binds_exactly_the_published_observation[historical_only]" time="0.001" /><testcase classname="tests.vnext.test_p03_contracts" name="test_evidence_receipt_binds_exactly_the_published_observation[pending]" time="0.000" /><testcase classname="tests.vnext.test_p03_contracts" name="test_evidence_receipt_binds_exactly_the_published_observation[rejected]" time="0.000" /><testcase classname="tests.vnext.test_p03_contracts" name="test_openapi_evidence_requires_one_idempotency_header" time="0.306" /><testcase classname="tests.vnext.test_p03_fix_round1" name="test_non_evidence_context_cannot_mutate_artifact_or_collector_lease[agent-fixture-agent-write]" time="2.269" /><testcase classname="tests.vnext.test_p03_fix_round1" name="test_non_evidence_context_cannot_mutate_artifact_or_collector_lease[agent-fixture-agent-snapshot]" time="2.119" /><testcase classname="tests.vnext.test_p03_fix_round1" name="test_non_evidence_context_cannot_mutate_artifact_or_collector_lease[collector-fixture-collector-snapshot]" time="2.026" /><testcase classname="tests.vnext.test_p03_fix_round1" name="test_evidence_flag_still_requires_nonrevoked_stored_binding" time="1.368" /><testcase classname="tests.vnext.test_p03_fix_round1" name="test_bound_evidence_mutations_keep_seal_snapshot_publication_and_gc" time="1.984" /><testcase classname="tests.vnext.test_p03_fix_round1" name="test_task_lock_does_not_block_an_unrelated_request_on_same_asgi_loop" time="1.277" /><testcase classname="tests.vnext.test_p05_fix_round1" name="test_f1_closed_cancel_survives_reconcile_and_late_observation" time="1.182" /><testcase classname="tests.vnext.test_p05_fix_round1" name="test_f2_settlement_after_exit_restores_published_pending_input" time="1.470" /><testcase classname="tests.vnext.test_p05_fix_round1" name="test_f2_hold_keeps_published_wait_suspended_until_explicit_resume" time="1.607" /><testcase classname="tests.vnext.test_pod_runtime" name="test_current_p05_permit_session_lease_verified_uid_and_receiver_registration" time="1.292" /><testcase classname="tests.vnext.test_pod_runtime" name="test_foreign_pod_owner_cannot_register_receiver" time="0.873" /><testcase classname="tests.vnext.test_pod_task_config" name="test_each_task_keeps_its_own_config_and_receiver" time="0.000" /><testcase classname="tests.vnext.test_pod_task_config" name="test_the_single_task_shape_stays_readable" time="0.000" /><testcase classname="tests.vnext.test_pod_task_config" name="test_an_incomplete_or_duplicated_task_list_is_refused[config0]" time="0.000" /><testcase classname="tests.vnext.test_pod_task_config" name="test_an_incomplete_or_duplicated_task_list_is_refused[config1]" time="0.000" /><testcase classname="tests.vnext.test_pod_task_config" name="test_an_incomplete_or_duplicated_task_list_is_refused[config2]" time="0.000" /><testcase classname="tests.vnext.test_pod_task_config" name="test_an_incomplete_or_duplicated_task_list_is_refused[config3]" time="0.000" /><testcase classname="tests.vnext.test_pod_task_config" name="test_an_incomplete_or_duplicated_task_list_is_refused[config4]" time="0.000" /><testcase classname="tests.vnext.test_pod_task_config" name="test_an_incomplete_or_duplicated_task_list_is_refused[config5]" time="0.001" /><testcase classname="tests.vnext.test_pod_task_config" name="test_an_incomplete_or_duplicated_task_list_is_refused[config6]" time="0.000" /><testcase classname="tests.vnext.test_pod_task_config" name="test_an_incomplete_or_duplicated_task_list_is_refused[config7]" time="0.000" /><testcase classname="tests.vnext.test_pod_task_config" name="test_only_a_ready_task_is_eligible_for_new_starts" time="0.000" /><testcase classname="tests.vnext.test_pod_task_config" name="test_a_task_may_publish_its_own_service_names_and_supervisor_origin" time="0.000" /><testcase classname="tests.vnext.test_pod_task_config" name="test_a_per_task_service_pair_must_be_dns_labels[names0]" time="0.000" /><testcase classname="tests.vnext.test_pod_task_config" name="test_a_per_task_service_pair_must_be_dns_labels[names1]" time="0.000" /><testcase classname="tests.vnext.test_pod_task_config" name="test_a_per_task_service_pair_must_be_dns_labels[names2]" time="0.000" /><testcase classname="tests.vnext.test_pod_task_config" name="test_a_per_task_service_pair_must_be_dns_labels[names3]" time="0.000" /><testcase classname="tests.vnext.test_pod_task_config" name="test_a_per_task_service_pair_must_be_dns_labels[names4]" time="0.000" /><testcase classname="tests.vnext.test_pod_task_config" name="test_a_per_task_supervisor_origin_must_be_bounded_https" time="0.000" /><testcase classname="tests.vnext.test_pod_task_config" name="test_an_unknown_entry_key_is_still_refused" time="0.000" /><testcase classname="tests.vnext.test_probe_watchdog" name="test_outer_watchdog_publishes_blocked_cli_evidence[available-observations]" time="1.096" /><testcase classname="tests.vnext.test_probe_watchdog" name="test_outer_watchdog_publishes_blocked_cli_evidence[unknown-observations]" time="1.010" /><testcase classname="tests.vnext.test_probe_watchdog" name="test_reporting_does_not_overwrite_an_existing_evidence_run" time="0.003" /><testcase classname="tests.vnext.test_projection_builder" name="test_claim_assessment_changes_display_without_changing_statement_identity" time="0.001" /><testcase classname="tests.vnext.test_projection_builder" name="test_relation_to_claim_revision_one_is_not_retargeted_to_revision_two" time="0.000" /><testcase classname="tests.vnext.test_projection_builder" name="test_visible_relation_keeps_exact_endpoints_and_stable_identity" time="0.000" /><testcase classname="tests.vnext.test_projection_builder" name="test_duplicate_records_collapse_but_conflicting_same_id_is_rejected" time="0.000" /><testcase classname="tests.vnext.test_projection_builder" name="test_payload_identity_must_match_the_record_view_reference" time="0.000" /><testcase classname="tests.vnext.test_projection_builder" name="test_payload_revision_must_match_the_record_view_reference" time="0.000" /><testcase classname="tests.vnext.test_projection_builder" name="test_missing_assessment_cannot_promote_forged_fact_display" time="0.000" /><testcase classname="tests.vnext.test_projection_builder" name="test_agent_run_identity_is_fixed_at_revision_one_not_run_epoch" time="0.000" /><testcase classname="tests.vnext.test_projection_builder" name="test_projection_node_contains_only_public_display_fields" time="0.000" /><testcase classname="tests.vnext.test_release_inventory" name="test_release_inventory_collects_real_inputs_and_hashes" time="0.009" /><testcase classname="tests.vnext.test_release_inventory" name="test_release_inventory_rejects_legacy_execution[package-lock.json-body0]" time="0.004" /><testcase classname="tests.vnext.test_release_inventory" name="test_release_inventory_rejects_legacy_execution[Dockerfile-FROM base\nENTRYPOINT [&quot;cairn&quot;]\n]" time="0.002" /><testcase classname="tests.vnext.test_release_inventory" name="test_repository_release_inventory_is_nonempty_and_clean" time="0.706" /><testcase classname="tests.vnext.test_remote_workspace" name="test_permit_and_receipt_wire_are_exactly_bound" time="0.006" /><testcase classname="tests.vnext.test_remote_workspace" name="test_real_https_workspace_read_persists_p03_and_old_receipt_after_revocation" time="2.758" /><testcase classname="tests.vnext.test_remote_workspace" name="test_callback_commits_then_lost_or_invalid_ack_keeps_prepared_unknown[drop]" time="2.810" /><testcase classname="tests.vnext.test_remote_workspace" name="test_callback_commits_then_lost_or_invalid_ack_keeps_prepared_unknown[status_503]" time="2.239" /><testcase classname="tests.vnext.test_remote_workspace" name="test_callback_commits_then_lost_or_invalid_ack_keeps_prepared_unknown[bad_ack]" time="2.775" /><testcase classname="tests.vnext.test_remote_workspace" name="test_ambiguous_dispatch_queries_same_attempt_once_and_not_registered_stays_unknown" time="2.738" /><testcase classname="tests.vnext.test_remote_workspace" name="test_https_tamper_wrong_executor_and_wrong_gate_are_rejected_from_db_authority" time="2.908" /><testcase classname="tests.vnext.test_retention_and_delivery" name="test_an_offline_document_delivery_records_what_the_frozen_report_contains" time="1.986" /><testcase classname="tests.vnext.test_retention_and_delivery" name="test_a_required_screenshot_is_incomplete_until_the_real_material_is_sealed" time="1.787" /><testcase classname="tests.vnext.test_retention_and_delivery" name="test_an_optional_requirement_never_blocks_an_offline_document" time="1.406" /><testcase classname="tests.vnext.test_retention_and_delivery" name="test_the_database_refuses_a_ready_delivery_that_misses_required_material" time="1.886" /><testcase classname="tests.vnext.test_retention_and_delivery" name="test_one_delivery_key_never_rewrites_an_earlier_decision" time="1.459" /><testcase classname="tests.vnext.test_retention_and_delivery" name="test_an_offline_delivery_cannot_carry_an_http_exchange" time="1.506" /><testcase classname="tests.vnext.test_retention_and_delivery" name="test_a_failed_delivery_names_a_bounded_reason" time="1.738" /><testcase classname="tests.vnext.test_retention_and_delivery" name="test_only_an_actor_with_control_over_this_task_delivers" time="1.731" /><testcase classname="tests.vnext.test_retention_and_delivery" name="test_the_signed_http_routes_record_list_and_read_one_delivery" time="1.463" /><testcase classname="tests.vnext.test_retention_and_delivery" name="test_purge_leaves_an_explicit_tombstone_and_the_frozen_report_stays_honest" time="2.276" /><testcase classname="tests.vnext.test_retention_and_delivery" name="test_a_purge_waits_for_the_live_lease_and_retires_cited_evidence" time="1.882" /><testcase classname="tests.vnext.test_retention_and_delivery" name="test_garbage_collection_keeps_committed_evidence_and_collects_true_orphans" time="1.680" /><testcase classname="tests.vnext.test_retention_and_delivery" name="test_a_purged_material_stays_indexed_but_reads_as_unavailable" time="1.872" /><testcase classname="tests.vnext.test_retention_and_delivery" name="test_the_signed_purge_route_records_a_bounded_tombstone" time="1.836" /><testcase classname="tests.vnext.test_retention_and_delivery" name="test_retention_policy_engine_requires_explicit_approval_and_keeps_hard_guards" time="0.000" /><testcase classname="tests.vnext.test_retention_and_delivery" name="test_file_and_memory_artifact_backends_have_the_same_idempotent_delete_semantics" time="0.002" /><testcase classname="tests.vnext.test_retention_and_delivery" name="test_an_approved_policy_purge_is_recorded_as_policy_authority" time="1.499" /><testcase classname="tests.vnext.test_rls" name="test_rls_uses_nonowner_role_and_resets_request_scope" time="0.792" /><testcase classname="tests.vnext.test_rls" name="test_registry_requires_real_domain_and_rolls_back_event" time="0.959" /><testcase classname="tests.vnext.test_rls" name="test_composite_refs_reject_missing_type_or_revision[target0]" time="0.731" /><testcase classname="tests.vnext.test_rls" name="test_composite_refs_reject_missing_type_or_revision[target1]" time="0.763" /><testcase classname="tests.vnext.test_rls" name="test_composite_refs_reject_missing_type_or_revision[target2]" time="0.878" /><testcase classname="tests.vnext.test_rls" name="test_same_tenant_other_project_task_cannot_supply_a_reference" time="0.829" /><testcase classname="tests.vnext.test_rls" name="test_immutable_claim_and_agent_assessment_boundary" time="1.199" /><testcase classname="tests.vnext.test_rls" name="test_two_connections_cannot_commit_dependency_cycle" time="0.731" /><testcase classname="tests.vnext.test_rls" name="test_agent_database_context_cannot_forge_observation" time="0.792" /><testcase classname="tests.vnext.test_rls" name="test_derived_claim_cannot_lower_source_visibility" time="0.798" /><testcase classname="tests.vnext.test_run_admission" name="test_current_run_model_gate_forwards_native_and_records_attempt" time="1.709" /><testcase classname="tests.vnext.test_run_admission" name="test_revoked_run_cannot_request_model" time="1.842" /><testcase classname="tests.vnext.test_run_admission" name="test_p05_pause_makes_bound_run_identity_stale" time="1.817" /><testcase classname="tests.vnext.test_run_admission" name="test_model_request_replay_conflict_and_new_id_have_distinct_attempts" time="2.063" /><testcase classname="tests.vnext.test_run_admission" name="test_two_runs_cannot_both_take_the_last_task_model_request" time="2.075" /><testcase classname="tests.vnext.test_run_admission" name="test_partial_stream_releases_local_inflight_without_settling_billing" time="2.261" /><testcase classname="tests.vnext.test_run_admission" name="test_workspace_read_returns_only_after_persisting_evidence" time="2.787" /><testcase classname="tests.vnext.test_run_admission" name="test_run_closes_its_own_operation_set_from_durable_records" time="1.239" /><testcase classname="tests.vnext.test_run_admission" name="test_revoked_run_cannot_dispatch_workspace_tool" time="1.334" /><testcase classname="tests.vnext.test_run_admission" name="test_task_output_limit_is_cumulative_across_model_attempts" time="1.652" /><testcase classname="tests.vnext.test_run_admission" name="test_approval_required_tool_does_not_create_an_execution_attempt" time="1.214" /><testcase classname="tests.vnext.test_run_admission" name="test_the_run_receives_the_bounded_body_of_its_own_completed_call" time="2.825" /><testcase classname="tests.vnext.test_run_admission" name="test_tool_operation_replay_conflict_and_new_call_id_control_execution" time="3.453" /><testcase classname="tests.vnext.test_run_admission" name="test_missing_mcp_type_and_revoked_function_adapter_do_not_execute" time="1.161" /><testcase classname="tests.vnext.test_run_admission" name="test_started_tool_can_settle_after_revocation_but_new_work_is_rejected" time="2.336" /><testcase classname="tests.vnext.test_run_admission" name="test_run_credential_does_not_grant_control_admit_or_capture" time="1.301" /><testcase classname="tests.vnext.test_run_admission" name="test_authorized_not_sent_model_attempt_can_be_reconciled_without_refund" time="1.681" /><testcase classname="tests.vnext.test_run_admission" name="test_cancel_replay_delivers_same_persisted_cancel_operation" time="1.893" /><testcase classname="tests.vnext.test_run_admission" name="test_database_write_policies_separate_model_and_tool_purposes" time="2.654" /><testcase classname="tests.vnext.test_run_admission" name="test_explicit_null_tools_is_a_valid_native_model_request" time="2.000" /><testcase classname="tests.vnext.test_run_admission" name="test_model_tool_advertisement_requires_actual_gate_assembly" time="1.357" /><testcase classname="tests.vnext.test_run_admission" name="test_model_tool_advertisement_accepts_the_actual_tool_gate_assembly" time="1.851" /><testcase classname="tests.vnext.test_run_admission" name="test_workspace_output_limit_returns_partial_evidence_and_reason" time="1.734" /><testcase classname="tests.vnext.test_run_admission" name="test_partial_workspace_receipt_replay_compares_original_output_metadata" time="2.252" /><testcase classname="tests.vnext.test_run_admission" name="test_model_openapi_declares_runtime_correlation_headers" time="0.275" /><testcase classname="tests.vnext.test_run_admission" name="test_model_request_cannot_write_model_settlement_fields" time="1.717" /><testcase classname="tests.vnext.test_run_admission" name="test_tool_request_cannot_write_tool_settlement_or_release_resources" time="1.224" /><testcase classname="tests.vnext.test_run_admission" name="test_request_inserts_require_zero_counters_and_initial_model_state" time="1.215" /><testcase classname="tests.vnext.test_run_admission" name="test_tool_request_inserts_require_admitted_reserved_pending_state" time="1.239" /><testcase classname="tests.vnext.test_run_admission" name="test_two_runs_may_read_one_workspace_path_at_the_same_time" time="1.681" /><testcase classname="tests.vnext.test_run_admission" name="test_explicit_tool_retry_reopens_only_from_registered_stopped_attempt" time="2.742" /><testcase classname="tests.vnext.test_run_admission" name="test_tool_request_cannot_replace_nonterminal_status_with_result_state[running-cancelled]" time="1.312" /><testcase classname="tests.vnext.test_run_admission" name="test_tool_request_cannot_replace_nonterminal_status_with_result_state[unknown-admitted]" time="1.245" /><testcase classname="tests.vnext.test_run_admission" name="test_tool_request_cannot_replace_nonterminal_status_with_result_state[evidence_pending-admitted]" time="1.288" /><testcase classname="tests.vnext.test_run_admission" name="test_tool_request_cannot_insert_an_inactive_resource_claim" time="1.292" /><testcase classname="tests.vnext.test_run_admission" name="test_model_settle_cannot_insert_response_bytes_before_send" time="1.279" /><testcase classname="tests.vnext.test_run_admission" name="test_earliest_v8_upgrade_installs_model_update_guard" time="1.499" /><testcase classname="tests.vnext.test_run_admission" name="test_earliest_v8_upgrade_installs_tool_update_guards" time="1.596" /><testcase classname="tests.vnext.test_runtime_batch_isolation" name="test_one_refused_operation_does_not_block_the_rest_of_the_batch" time="0.001" /><testcase c
[...]
ssion_approval" name="test_versioned_memory_store_keeps_only_fixed_relative_utf8_bytes" time="0.001" /><testcase classname="tests.vnext.test_session_approval" name="test_pinned_memory_context_injects_complete_versioned_input_without_tools_or_model" time="0.002" /><testcase classname="tests.vnext.test_session_approval" name="test_session_profile_binds_nonempty_memory_to_fixed_artifact_revisions" time="0.001" /><testcase classname="tests.vnext.test_session_approval" name="test_public_compaction_keeps_full_tool_history_and_maps_request_summary" time="0.003" /><testcase classname="tests.vnext.test_session_permissions" name="test_publish_rechecks_source_access_after_real_stage[revoke_read]" time="6.433" /><testcase classname="tests.vnext.test_session_permissions" name="test_publish_rechecks_source_access_after_real_stage[lower_clearance]" time="7.397" /><testcase classname="tests.vnext.test_session_permissions" name="test_receiver_cannot_apply_other_capability_qualifications_to_published_session" time="6.482" /><testcase classname="tests.vnext.test_session_tool_material" name="test_the_canonical_receipt_alone_still_verifies" time="0.001" /><testcase classname="tests.vnext.test_session_tool_material" name="test_the_verified_bytes_of_the_result_artifact_are_accepted" time="0.001" /><testcase classname="tests.vnext.test_session_tool_material" name="test_named_omission_is_accepted_but_an_unknown_reason_is_not" time="0.000" /><testcase classname="tests.vnext.test_session_tool_material" name="test_text_that_is_not_the_artifact_bytes_is_refused" time="0.000" /><testcase classname="tests.vnext.test_session_tool_material" name="test_an_unsealed_or_missing_artifact_cannot_deliver_a_body" time="0.000" /><testcase classname="tests.vnext.test_session_tool_material" name="test_any_other_added_field_is_refused" time="0.000" /><testcase classname="tests.vnext.test_session_tool_material" name="test_v2_material_recovery_rejects_forged_text_even_with_a_recomputed_digest" time="0.001" /><testcase classname="tests.vnext.test_session_transport" name="test_the_native_object_bound_names_the_root_and_the_sizes" time="0.001" /><testcase classname="tests.vnext.test_session_transport" name="test_session_boundary_transport_uses_explicit_binary_and_preserves_decimal" time="0.002" /><testcase classname="tests.vnext.test_session_transport" name="test_published_session_transport_requires_the_exact_object_closure" time="0.003" /><testcase classname="tests.vnext.test_session_transport" name="test_session_transport_round_trips_each_nonbinary_internal_contract" time="0.002" /><testcase classname="tests.vnext.test_session_transport" name="test_resolved_transport_preserves_m1_and_encodes_only_fixed_session_memory" time="0.007" /><testcase classname="tests.vnext.test_session_transport" name="test_session_host_bridge_carries_all_six_typed_operations" time="0.013" /><testcase classname="tests.vnext.test_session_transport" name="test_session_host_router_exposes_only_the_six_generated_worker_endpoints" time="0.004" /><testcase classname="tests.vnext.test_session_transport" name="test_remote_worker_host_uses_generated_six_rpc_transport_and_bound_spool_keys" time="0.025" /><testcase classname="tests.vnext.test_session_transport" name="test_child_completion_returns_saved_input_receipt_as_its_own_kind" time="0.004" /><testcase classname="tests.vnext.test_session_transport" name="test_remote_resolve_preserves_m1_and_restores_session_memory_bytes" time="0.003" /><testcase classname="tests.vnext.test_session_writer_exit_migration" name="test_0016_upgrades_both_known_0014_shapes_without_replaying_session_ddl[with_6f_trigger]" time="0.996" /><testcase classname="tests.vnext.test_session_writer_exit_migration" name="test_0016_upgrades_both_known_0014_shapes_without_replaying_session_ddl[without_dd400_trigger]" time="0.915" /><testcase classname="tests.vnext.test_session_writer_exit_migration" name="test_0016_revokes_only_the_exact_settled_session_boundary[valid-True]" time="7.055" /><testcase classname="tests.vnext.test_session_writer_exit_migration" name="test_0016_revokes_only_the_exact_settled_session_boundary[wrong_receiver-False]" time="6.476" /><testcase classname="tests.vnext.test_session_writer_exit_migration" name="test_0016_revokes_only_the_exact_settled_session_boundary[wrong_session_input-False]" time="6.175" /><testcase classname="tests.vnext.test_session_writer_exit_migration" name="test_0016_revokes_only_the_exact_settled_session_boundary[unsettled-False]" time="6.159" /><testcase classname="tests.vnext.test_synthetic_peer" name="test_explore_reads_the_path_the_admitted_question_names" time="0.000" /><testcase classname="tests.vnext.test_synthetic_peer" name="test_explore_quotes_the_delivered_body_instead_of_summarising_it" time="0.000" /><testcase classname="tests.vnext.test_synthetic_peer" name="test_a_withheld_body_is_reported_as_withheld" time="0.000" /><testcase classname="tests.vnext.test_synthetic_peer" name="test_reason_waits_for_the_first_accepted_result_when_nothing_is_observed" time="0.000" /><testcase classname="tests.vnext.test_synthetic_peer" name="test_reason_proposes_the_pointer_it_actually_observed" time="0.000" /><testcase classname="tests.vnext.test_synthetic_peer" name="test_reason_asks_for_completion_once_the_pointed_file_was_read" time="0.000" /><testcase classname="tests.vnext.test_synthetic_peer" name="test_a_recorded_gap_review_stops_the_loop_for_the_operator" time="0.000" /><testcase classname="tests.vnext.test_synthetic_peer" name="test_an_unsupported_duty_is_refused[report]" time="0.000" /><testcase classname="tests.vnext.test_synthetic_peer" name="test_a_pointer_without_a_claim_yet_is_cited_to_the_observation" time="0.000" /><testcase classname="tests.vnext.test_synthetic_peer" name="test_an_already_admitted_question_is_waited_on_instead_of_repeated" time="0.000" /><testcase classname="tests.vnext.test_synthetic_peer" name="test_one_record_read_asks_for_its_sibling" time="0.000" /><testcase classname="tests.vnext.test_synthetic_peer" name="test_the_comparison_claim_states_what_the_two_bodies_actually_say" time="0.000" /><testcase classname="tests.vnext.test_synthetic_peer" name="test_explore_answers_the_newest_admitted_question" time="0.000" /><testcase classname="tests.vnext.test_task_admission" name="test_owner_publication_binds_a_created_task_to_admission_capacity_and_identity" time="1.027" /><testcase classname="tests.vnext.test_task_admission" name="test_start_is_accepted_after_admission_and_keeps_the_created_definition" time="1.114" /><testcase classname="tests.vnext.test_task_certificates" name="test_only_the_task_services_cover_one_extra_label" time="0.000" /><testcase classname="tests.vnext.test_task_certificates" name="test_rotating_the_task_leaves_keeps_the_ca_and_covers_per_task_services" time="1.235" /><testcase classname="tests.vnext.test_task_creation" name="test_explicit_entry_points_preserve_path_query_and_match_scope" time="0.000" /><testcase classname="tests.vnext.test_task_creation" name="test_task_creation_persists_a_non_running_task_with_only_creator_access" time="1.069" /><testcase classname="tests.vnext.test_task_creation" name="test_task_creation_replays_the_same_key_and_rejects_a_different_body" time="0.930" /><testcase classname="tests.vnext.test_task_creation" name="test_task_creation_requires_project_control_permission_and_auth" time="0.940" /><testcase classname="tests.vnext.test_task_creation" name="test_task_creation_rejects_unpublished_revoked_and_expired_inputs" time="0.878" /><testcase classname="tests.vnext.test_task_launch" name="test_launch_prepares_a_created_task_before_activation" time="0.965" /><testcase classname="tests.vnext.test_task_launch" name="test_launch_binds_admission_executor_intent_and_capability" time="1.051" /><testcase classname="tests.vnext.test_task_launch" name="test_published_session_bounds_follow_the_admission_limits" time="0.004" /><testcase classname="tests.vnext.test_task_launch" name="test_minted_operator_bearer_binds_the_deployment_identity" time="0.153" /><testcase classname="tests.vnext.test_task_launch" name="test_run_phases_prepare_hands_the_command_real_connection_factories" time="0.994" /><testcase classname="tests.vnext.test_task_launch" name="test_attempt_material_binds_the_deployment_bearer_not_a_stale_task_secret" time="0.003" /><testcase classname="tests.vnext.test_task_launch" name="test_a_bearer_that_dies_inside_the_attempt_window_refuses_the_launch" time="0.003" /><testcase classname="tests.vnext.test_task_launch" name="test_operator_bearer_path_is_single_source" time="0.155" /><testcase classname="tests.vnext.test_task_launch" name="test_a_second_task_clones_the_deployment_executor_binding" time="0.000" /><testcase classname="tests.vnext.test_task_launch" name="test_a_task_that_lost_a_deployment_binding_field_is_repaired" time="0.000" /><testcase classname="tests.vnext.test_task_launch" name="test_executor_entries_that_disagree_on_a_deployment_field_are_refused" time="0.000" /><testcase classname="tests.vnext.test_task_launch" name="test_roll_moves_an_expired_attempt_and_refuses_a_runnable_one" time="0.949" /><testcase classname="tests.vnext.test_task_launch" name="test_a_rolled_task_supersedes_its_fixed_executor_binding" time="0.848" /><testcase classname="tests.vnext.test_task_launch" name="test_a_followup_intent_is_bounded_before_it_touches_storage" time="0.000" /><testcase classname="tests.vnext.test_task_launch" name="test_each_task_publishes_its_own_service_pair" time="0.000" /><testcase classname="tests.vnext.test_task_launch" name="test_the_started_task_points_its_own_executor_at_its_own_kali_service" time="0.000" /><testcase classname="tests.vnext.test_task_launch" name="test_e01_real_mode_is_trusted_deployment_configuration" time="1.015" /><testcase classname="tests.vnext.test_task_launch" name="test_e01_real_mode_admits_only_an_explicitly_published_seed" time="0.873" /><testcase classname="tests.vnext.test_task_launch" name="test_e02_role_tool_refs_scope_target_tools_to_explore" time="0.002" /><testcase classname="tests.vnext.test_task_launch" name="test_e01_preflight_reports_declared_state_without_a_target_action" time="0.868" /><testcase classname="tests.vnext.test_task_launch" name="test_e03_the_model_instructions_carry_the_frozen_task_context" time="0.791" /><testcase classname="tests.vnext.test_task_launch" name="test_e03_the_harness_receives_the_composed_instructions" time="0.042" /><testcase classname="tests.vnext.test_task_launch" name="test_e06_published_materials_seed_the_workspace_without_shell_interpretation" time="0.001" /><testcase classname="tests.vnext.test_task_launch" name="test_a_published_session_profile_is_identified_by_its_whole_body" time="0.801" /><testcase classname="tests.vnext.test_task_launch" name="test_e01_a_stale_worker_lock_is_named_and_relock_publishes_a_new_revision" time="0.980" /><testcase classname="tests.vnext.test_task_launch" name="test_the_shared_runtime_host_never_serves_two_worker_locks" time="0.002" /><testcase classname="tests.vnext.test_task_supervisor_routing" name="test_each_task_is_served_by_its_own_endpoint" time="0.001" /><testcase classname="tests.vnext.test_task_supervisor_routing" name="test_a_task_without_its_own_endpoint_uses_the_deployment_default" time="0.001" /><testcase classname="tests.vnext.test_task_supervisor_routing" name="test_a_router_without_any_endpoint_for_a_task_refuses" time="0.000" /><testcase classname="tests.vnext.test_task_supervisor_routing" name="test_the_router_requires_real_transports" time="0.000" /><testcase classname="tests.vnext.test_task_supervisor_routing" name="test_a_task_id_is_never_sent_to_the_wrong_transport" time="0.000" /><testcase classname="tests.vnext.test_task_supervisor_routing" name="test_the_single_endpoint_transport_still_accepts_the_task_hint" time="0.000" /><testcase classname="tests.vnext.test_view_snapshots" name="test_projection_repository_has_the_frozen_assembly_shape" time="0.000" /><testcase classname="tests.vnext.test_view_snapshots" name="test_projection_repository_has_the_frozen_read_method_shapes" time="0.000" /><testcase classname="tests.vnext.test_view_snapshots" name="test_topology_router_factory_accepts_only_the_projection_service" time="0.000" /><testcase classname="tests.vnext.test_view_snapshots" name="test_openapi_declares_actual_410_responses_for_snapshot_reads" time="0.237" /><testcase classname="tests.vnext.test_view_snapshots" name="test_p13_migration_installs_the_private_projection_schema" time="0.846" /><testcase classname="tests.vnext.test_view_snapshots" name="test_saved_pages_and_record_stay_fixed_after_a_new_claim_revision" time="1.401" /><testcase classname="tests.vnext.test_view_snapshots" name="test_opaque_cursor_is_persisted_and_bound_to_query_and_principal" time="1.572" /><testcase classname="tests.vnext.test_view_snapshots" name="test_current_clearance_invalidates_old_view_and_hides_private_basis" time="1.326" /><testcase classname="tests.vnext.test_view_snapshots" name="test_history_lists_only_saved_views_and_freezes_its_opaque_page" time="1.555" /><testcase classname="tests.vnext.test_view_snapshots" name="test_topology_reads_do_not_create_execution_or_invent_unsourced_runs" time="0.860" /><testcase classname="tests.vnext.test_view_snapshots" name="test_expired_view_and_snapshot_return_explicit_410_errors" time="1.648" /><testcase classname="tests.vnext.test_view_snapshots" name="test_fact_ledger_reads_the_uncommitted_canonical_manifest_in_the_same_rr" time="1.535" /><testcase classname="tests.vnext.test_view_snapshots" name="test_real_run_origin_is_safe_for_reader_and_missing_source_stays_hidden" time="2.006" /><testcase classname="tests.vnext.test_view_stream" name="test_the_stream_starts_idle_and_then_advances_the_same_view" time="1.849" /><testcase classname="tests.vnext.test_view_stream" name="test_a_cursor_from_an_older_view_revision_requires_a_resnapshot" time="1.923" /><testcase classname="tests.vnext.test_view_stream" name="test_a_view_only_advances_for_its_own_subject_and_cursor" time="1.616" /><testcase classname="tests.vnext.test_view_stream" name="test_losing_access_stops_the_stream_instead_of_leaking" time="1.279" /><testcase classname="tests.vnext.test_view_stream" name="test_the_signed_stream_route_emits_a_batch_after_the_change" time="2.686" /><testcase classname="tests.vnext.test_view_stream" name="test_the_signed_stream_route_refuses_a_foreign_view" time="1.575" /><testcase classname="tests.vnext.test_view_stream" name="test_the_view_stream_only_exists_on_its_own_migration_head" time="0.945" /><testcase classname="tests.vnext.test_web_gateway" name="test_browser_login_uses_an_httponly_same_site_cookie" time="0.146" /><testcase classname="tests.vnext.test_web_gateway" name="test_browser_proxy_mints_short_lived_internal_identity" time="0.157" /><testcase classname="tests.vnext.test_web_gateway" name="test_browser_proxy_allows_only_bounded_layout_put_and_preserves_conflict" time="0.197" /><testcase classname="tests.vnext.test_web_gateway" name="test_the_view_stream_is_allowed_only_after_its_task_published_it" time="0.317" /><testcase classname="tests.vnext.test_web_gateway" name="test_the_view_stream_relays_batches_and_resumes_from_last_event_id" time="0.186" /><testcase classname="tests.vnext.test_web_gateway" name="test_browser_proxy_records_a_delivery_only_for_its_own_task" time="0.195" /><testcase classname="tests.vnext.test_web_manifest" name="test_web_manifest_isolated_arm64_non_root_read_only_and_load_balancer_access" time="0.001" /><testcase classname="tests.vnext.test_web_manifest" name="test_web_manifest_exposes_only_explicit_runtime_configuration" time="0.000" /><testcase classname="tests.vnext.test_web_manifest" name="test_web_manifest_rejects_mutable_images" time="0.000" /><testcase classname="tests.vnext.test_web_manifest" name="test_web_manifest_cli_output_is_multi_document_json" time="0.000" /><testcase classname="tests.vnext.test_web_manifest" name="test_web_manifest_can_attach_the_local_browser_session_gateway" time="0.000" /><testcase classname="tests.vnext.test_work_state_guards" name="test_result_is_not_exit_rule" time="0.000" /><testcase classname="tests.vnext.test_work_state_guards" name="test_criterion_reference_is_dedicated_and_condition_checked" time="0.000" /><testcase classname="tests.vnext.test_work_state_guards" name="test_start_cas_idempotency_and_knowledge_cannot_control" time="1.407" /><testcase classname="tests.vnext.test_work_state_guards" name="test_task_pause_preserves_hold_and_fresh_unstarted_work" time="1.417" /><testcase classname="tests.vnext.test_work_state_guards" name="test_platform_recomputes_settlement_after_observed_exit" time="1.274" /><testcase classname="tests.vnext.test_work_state_guards" name="test_hold_revokes_only_one_work_and_unknown_keeps_reservation" time="1.376" /><testcase classname="tests.vnext.test_work_state_guards" name="test_dependencies_use_real_settlement_and_criterion_rows" time="1.206" /><testcase classname="tests.vnext.test_work_state_guards" name="test_close_intent_preserves_partial_outcome_and_never_marks_unrun_done" time="1.363" /><testcase classname="tests.vnext.test_work_state_guards" name="test_waiting_input_survives_pause_and_published_resume" time="1.566" /><testcase classname="tests.vnext.test_work_state_guards" name="test_missing_session_pins_and_unsettled_operations_block_resume" time="1.810" /><testcase classname="tests.vnext.test_work_state_guards" name="test_completion_epoch_abort_only_removes_its_own_cause" time="1.165" /><testcase classname="tests.vnext.test_work_state_guards" name="test_observer_acl_digest_birth_identity_and_no_raw_control_escalation" time="0.956" /><testcase classname="tests.vnext.test_work_state_guards" name="test_result_projection_replay_incomplete_and_late_receipt" time="1.562" /><testcase classname="tests.vnext.test_work_state_guards" name="test_missing_final_output_cas_preserves_late_history" time="1.399" /><testcase classname="tests.vnext.test_work_state_guards" name="test_capacity_limit_atomic_rollback_and_prelock_order" time="1.069" /><testcase classname="tests.vnext.test_work_state_guards" name="test_criterion_current_fixed_judgment_and_failed_not_success" time="0.991" /><testcase classname="tests.vnext.test_work_state_guards" name="test_cancel_preserves_independent_captured_evidence_without_fact" time="1.822" /><testcase classname="tests.vnext.test_work_state_guards" name="test_known_not_started_receipt_allows_fresh_resume_and_releases_once" time="1.441" /><testcase classname="tests.vnext.test_work_state_guards" name="test_shared_global_pool_serializes_two_tenants" time="0.859" /><testcase classname="tests.vnext.test_work_state_guards" name="test_two_connections_cannot_commit_dependency_cycle" time="0.972" /><testcase classname="tests.vnext.test_work_state_guards" name="test_missing_definition_and_pool_configuration_fail_closed" time="1.034" /><testcase classname="tests.vnext.test_work_state_guards" name="test_upgrade_projects_real_p04_receipts_without_activating_history" time="1.203" /><testcase classname="tests.vnext.test_work_state_guards" name="test_exit_receipt_before_running_notification_settles_without_illegal_edge" time="1.538" /><testcase classname="tests.vnext.test_work_state_guards" name="test_completion_closes_with_partial_and_cancels_only_unsettled_work" time="2.318" /><testcase classname="tests.vnext.test_work_state_guards" name="test_capacity_rechecks_work_hold_even_with_old_run_permission" time="0.887" /><testcase classname="tests.vnext.test_work_state_guards" name="test_unknown_external_operation_keeps_task_reconciling_after_local_exit" time="1.829" /><testcase classname="tests.vnext.test_work_state_guards" name="test_real_superseded_intent_cancels_work_with_reason_not_new_state" time="1.425" /><testcase classname="tests.vnext.test_work_state_guards" name="test_explicit_process_failure_keeps_accepted_result_separate" time="1.353" /></testsuite></testsuites>