<?xml version="1.0" encoding="utf-8"?><testsuites name="pytest tests"><testsuite name="pytest" errors="0" failures="0" skipped="0" tests="53" time="18.286" timestamp="2026-09-13T06:00:34.073575+08:00" hostname="MacBook-Pro-4.local"><testcase classname="tests.vnext.test_p03_contracts" name="test_one_observation_preserves_all_ordered_artifact_refs" time="0.003" /><testcase classname="tests.vnext.test_p03_contracts" name="test_observation_artifact_refs_are_nonempty_and_bounded[refs0]" time="0.001" /><testcase classname="tests.vnext.test_p03_contracts" name="test_observation_artifact_refs_are_nonempty_and_bounded[refs1]" time="0.001" /><testcase classname="tests.vnext.test_p03_contracts" name="test_evidence_receipt_binds_exactly_the_published_observation[accepted]" time="0.000" /><testcase classname="tests.vnext.test_p03_contracts" name="test_evidence_receipt_binds_exactly_the_published_observation[historical_only]" time="0.000" /><testcase classname="tests.vnext.test_p03_contracts" name="test_evidence_receipt_binds_exactly_the_published_observation[pending]" time="0.000" /><testcase classname="tests.vnext.test_p03_contracts" name="test_evidence_receipt_binds_exactly_the_published_observation[rejected]" time="0.000" /><testcase classname="tests.vnext.test_p03_contracts" name="test_openapi_evidence_requires_one_idempotency_header" time="0.101" /><testcase classname="tests.vnext.test_rls" name="test_rls_uses_nonowner_role_and_resets_request_scope" time="0.271" /><testcase classname="tests.vnext.test_rls" name="test_registry_requires_real_domain_and_rolls_back_event" time="0.278" /><testcase classname="tests.vnext.test_rls" name="test_composite_refs_reject_missing_type_or_revision[target0]" time="0.253" /><testcase classname="tests.vnext.test_rls" name="test_composite_refs_reject_missing_type_or_revision[target1]" time="0.234" /><testcase classname="tests.vnext.test_rls" name="test_composite_refs_reject_missing_type_or_revision[target2]" time="0.246" /><testcase classname="tests.vnext.test_rls" name="test_same_tenant_other_project_task_cannot_supply_a_reference" time="0.209" /><testcase classname="tests.vnext.test_rls" name="test_immutable_claim_and_agent_assessment_boundary" time="0.202" /><testcase classname="tests.vnext.test_rls" name="test_two_connections_cannot_commit_dependency_cycle" time="0.199" /><testcase classname="tests.vnext.test_rls" name="test_agent_database_context_cannot_forge_observation" time="0.249" /><testcase classname="tests.vnext.test_rls" name="test_derived_claim_cannot_lower_source_visibility" time="0.217" /><testcase classname="tests.vnext.test_capture_transactions" name="test_agent_cannot_use_capture_endpoint" time="0.358" /><testcase classname="tests.vnext.test_capture_transactions" name="test_bound_collector_persists_one_observation_all_bytes_without_extractor" time="0.462" /><testcase classname="tests.vnext.test_capture_transactions" name="test_replay_is_stable_and_conflicting_arrays_or_text_are_rejected" time="0.567" /><testcase classname="tests.vnext.test_capture_transactions" name="test_capture_rejects_unbound_or_mismatched_identity[tenant_id-tenant-other]" time="0.350" /><testcase classname="tests.vnext.test_capture_transactions" name="test_capture_rejects_unbound_or_mismatched_identity[project_id-project-other]" time="0.480" /><testcase classname="tests.vnext.test_capture_transactions" name="test_capture_rejects_unbound_or_mismatched_identity[task_id-task-sibling]" time="0.388" /><testcase classname="tests.vnext.test_capture_transactions" name="test_capture_rejects_unbound_or_mismatched_identity[work_item_id-work-b]" time="0.530" /><testcase classname="tests.vnext.test_capture_transactions" name="test_capture_rejects_unbound_or_mismatched_identity[agent_run_id-missing]" time="0.363" /><testcase classname="tests.vnext.test_capture_transactions" name="test_capture_rejects_unbound_or_mismatched_identity[receiver_id-other]" time="0.421" /><testcase classname="tests.vnext.test_capture_transactions" name="test_capture_rejects_unbound_or_mismatched_identity[execution_epoch-2]" time="0.312" /><testcase classname="tests.vnext.test_capture_transactions" name="test_capture_rejects_unbound_or_mismatched_identity[run_epoch-2]" time="0.419" /><testcase classname="tests.vnext.test_capture_transactions" name="test_capture_rejects_unbound_or_mismatched_identity[runtime_attempt-2]" time="0.333" /><testcase classname="tests.vnext.test_capture_transactions" name="test_capture_rejects_unbound_or_mismatched_identity[tool_call_id-provider-opaque-call]" time="0.407" /><testcase classname="tests.vnext.test_capture_transactions" name="test_capture_rejects_unbound_or_mismatched_identity[tool_attempt_id-missing]" time="0.492" /><testcase classname="tests.vnext.test_capture_transactions" name="test_evidence_requires_capture_id_as_idempotency_key[None]" time="0.358" /><testcase classname="tests.vnext.test_capture_transactions" name="test_evidence_requires_capture_id_as_idempotency_key[different-operation]" time="0.452" /><testcase classname="tests.vnext.test_capture_transactions" name="test_replay_and_artifact_download_recheck_current_permission" time="0.357" /><testcase classname="tests.vnext.test_capture_transactions" name="test_started_late_attempt_is_historical_only_with_settlement_authority[True]" time="0.333" /><testcase classname="tests.vnext.test_capture_transactions" name="test_started_late_attempt_is_historical_only_with_settlement_authority[False]" time="0.478" /><testcase classname="tests.vnext.test_capture_transactions" name="test_capture_rejects_missing_or_changed_actual_bytes[missing]" time="0.365" /><testcase classname="tests.vnext.test_capture_transactions" name="test_capture_rejects_missing_or_changed_actual_bytes[changed]" time="0.331" /><testcase classname="tests.vnext.test_capture_transactions" name="test_capture_publication_database_failure_rolls_back_all_domain_state" time="0.569" /><testcase classname="tests.vnext.test_capture_transactions" name="test_partial_output_and_source_axes_do_not_certify_business_truth" time="0.449" /><testcase classname="tests.vnext.test_capture_transactions" name="test_model_or_imported_bytes_cannot_be_laundered_into_capture[model_output]" time="0.375" /><testcase classname="tests.vnext.test_capture_transactions" name="test_model_or_imported_bytes_cannot_be_laundered_into_capture[import]" time="0.481" /><testcase classname="tests.vnext.test_capture_transactions" name="test_snapshot_pins_revisions_states_relations_after_connection_close" time="0.861" /><testcase classname="tests.vnext.test_capture_transactions" name="test_snapshot_query_scope_current_access_and_expiration" time="0.437" /><testcase classname="tests.vnext.test_capture_transactions" name="test_gc_retains_live_commit_leases_and_published_snapshot_bytes" time="0.705" /><testcase classname="tests.vnext.test_capture_transactions" name="test_snapshot_publication_and_gc_use_two_coordinated_connections" time="0.412" /><testcase classname="tests.vnext.test_capture_transactions" name="test_partial_body_and_complete_metadata_remain_one_partial_observation" time="0.546" /><testcase classname="tests.vnext.test_capture_transactions" name="test_late_receipt_requires_a_trusted_start_record" time="0.512" /><testcase classname="tests.vnext.test_capture_transactions" name="test_private_publication_pin_protects_visible_bytes_from_lower_clearance_gc" time="0.469" /><testcase classname="tests.vnext.test_capture_transactions" name="test_read_only_member_can_create_a_snapshot_without_domain_write" time="0.480" /><testcase classname="tests.vnext.test_capture_transactions" name="test_revoked_collector_cannot_release_commit_lease" time="0.464" /><testcase classname="tests.vnext.test_capture_transactions" name="test_gc_preserves_artifact_cited_by_claim_before_snapshot" time="0.396" /></testsuite></testsuites>