<?xml version="1.0" encoding="utf-8"?><testsuites name="pytest tests"><testsuite name="pytest" errors="0" failures="0" skipped="0" tests="3" time="2.376" timestamp="2026-09-13T09:21:30.916815+08:00" hostname="&lt;LOCAL_TEST_HOST&gt;"><testcase classname="tests.vnext.test_p05_fix_round1" name="test_f1_closed_cancel_survives_reconcile_and_late_observation" time="0.718" /><testcase classname="tests.vnext.test_p05_fix_round1" name="test_f2_settlement_after_exit_restores_published_pending_input" time="0.686" /><testcase classname="tests.vnext.test_p05_fix_round1" name="test_f2_hold_keeps_published_wait_suspended_until_explicit_resume" time="0.946" /></testsuite></testsuites>
