<?xml version="1.0" encoding="utf-8"?><testsuites name="pytest tests"><testsuite name="pytest" errors="0" failures="0" skipped="0" tests="59" time="1.929" timestamp="2026-09-19T18:25:21.544971+08:00" hostname="MacBook-Pro-4.local"><testcase classname="tests.vnext.test_contract_shapes" name="test_approved_examples_validate[claim_candidate.json-ClaimProposal]" time="0.004" /><testcase classname="tests.vnext.test_contract_shapes" name="test_approved_examples_validate[claim_hypothesis.json-ClaimProposal]" time="0.001" /><testcase classname="tests.vnext.test_contract_shapes" name="test_approved_examples_validate[assessment_supported.json-FactAssessment]" time="0.001" /><testcase classname="tests.vnext.test_contract_shapes" name="test_approved_examples_validate[agent_payload.json-AgentPayload]" time="0.002" /><testcase classname="tests.vnext.test_contract_shapes" name="test_approved_examples_validate[result_envelope.json-ResultEnvelope]" time="0.002" /><testcase classname="tests.vnext.test_contract_shapes" name="test_approved_examples_validate[capture_envelope.json-CaptureEnvelope]" time="0.002" /><testcase classname="tests.vnext.test_contract_shapes" name="test_approved_examples_validate[session_manifest.json-SessionManifest]" time="0.002" /><testcase classname="tests.vnext.test_contract_shapes" name="test_approved_examples_validate[worker_assignment.json-WorkerAssignment]" time="0.001" /><testcase classname="tests.vnext.test_contract_shapes" name="test_approved_examples_validate[topology_snapshot.json-TopologySnapshot]" time="0.001" /><testcase classname="tests.vnext.test_contract_shapes" name="test_approved_examples_validate[view_event_batch.json-ViewEventBatch]" time="0.001" /><testcase classname="tests.vnext.test_contract_shapes" name="test_approved_examples_validate[view_reset.json-ViewReset]" time="0.001" /><testcase classname="tests.vnext.test_contract_shapes" name="test_negative_examples_are_rejected[reject_self_certified_claim.json-ClaimProposal]" time="0.001" /><testcase classname="tests.vnext.test_contract_shapes" name="test_negative_examples_are_rejected[reject_model_only_support.json-FactAssessment]" time="0.000" /><testcase classname="tests.vnext.test_contract_shapes" name="test_negative_examples_are_rejected[reject_global_sequence_leak.json-ViewEventBatch]" time="0.001" /><testcase classname="tests.vnext.test_contract_shapes" name="test_assessment_command_cannot_wrap_model_only_supported_assessment" time="0.001" /><testcase classname="tests.vnext.test_contract_shapes" name="test_candidate_cannot_supply_protected_authority[collector_id]" time="0.001" /><testcase classname="tests.vnext.test_contract_shapes" name="test_candidate_cannot_supply_protected_authority[evidence_state]" time="0.000" /><testcase classname="tests.vnext.test_contract_shapes" name="test_candidate_cannot_supply_protected_authority[grounding_state]" time="0.000" /><testcase classname="tests.vnext.test_contract_shapes" name="test_candidate_cannot_supply_protected_authority[applicability_state]" time="0.000" /><testcase classname="tests.vnext.test_contract_shapes" name="test_candidate_cannot_supply_protected_authority[fact_assessment]" time="0.000" /><testcase classname="tests.vnext.test_contract_shapes" name="test_candidate_cannot_supply_protected_authority[task_state]" time="0.000" /><testcase classname="tests.vnext.test_contract_shapes" name="test_candidate_cannot_supply_protected_authority[run_epoch]" time="0.000" /><testcase classname="tests.vnext.test_contract_shapes" name="test_unstructured_candidate_text_preserves_whitespace" time="0.001" /><testcase classname="tests.vnext.test_contract_shapes" name="test_intent_can_reference_a_claim_from_the_same_payload" time="0.000" /><testcase classname="tests.vnext.test_contract_shapes" name="test_proposal_local_reference_cannot_impersonate_a_canonical_reference" time="0.000" /><testcase classname="tests.vnext.test_contract_shapes" name="test_run_identity_revisions_are_canonical_decimal_strings[1]" time="0.000" /><testcase classname="tests.vnext.test_contract_shapes" name="test_run_identity_revisions_are_canonical_decimal_strings[-1_0]" time="0.000" /><testcase classname="tests.vnext.test_contract_shapes" name="test_run_identity_revisions_are_canonical_decimal_strings[-1_1]" time="0.000" /><testcase classname="tests.vnext.test_contract_shapes" name="test_run_identity_revisions_are_canonical_decimal_strings[01]" time="0.000" /><testcase classname="tests.vnext.test_contract_shapes" name="test_run_identity_revisions_are_canonical_decimal_strings[1.0]" time="0.000" /><testcase classname="tests.vnext.test_contract_shapes" name="test_run_identity_revisions_are_canonical_decimal_strings[ 1]" time="0.000" /><testcase classname="tests.vnext.test_contract_shapes" name="test_result_envelope_rejects_trusted_fields_inside_agent_payload" time="0.000" /><testcase classname="tests.vnext.test_contract_shapes" name="test_work_state_contains_no_superseded_value" time="0.000" /><testcase classname="tests.vnext.test_contract_shapes" name="test_fact_is_not_a_canonical_knowledge_entity_type" time="0.001" /><testcase classname="tests.vnext.test_contract_shapes" name="test_contract_allows_every_published_work_transition" time="0.000" /><testcase classname="tests.vnext.test_contract_shapes" name="test_terminal_work_cannot_return_to_ready[done]" time="0.000" /><testcase classname="tests.vnext.test_contract_shapes" name="test_terminal_work_cannot_return_to_ready[failed]" time="0.000" /><testcase classname="tests.vnext.test_contract_shapes" name="test_terminal_work_cannot_return_to_ready[cancelled]" time="0.000" /><testcase classname="tests.vnext.test_contract_shapes" name="test_openapi_contains_every_machine_contract_enum_and_required_shape" time="0.218" /><testcase classname="tests.vnext.test_contract_shapes" name="test_openapi_publishes_the_complete_s13_route_set" time="0.260" /><testcase classname="tests.vnext.test_contract_shapes" name="test_view_query_is_typed_without_internal_watermarks" time="0.000" /><testcase classname="tests.vnext.test_contract_shapes" name="test_numeric_limits_remain_integers_while_revisions_are_strings" time="0.001" /><testcase classname="tests.vnext.test_contract_shapes" name="test_finite_integer_coordinates_are_valid_json_numbers" time="0.002" /><testcase classname="tests.vnext.test_contract_shapes" name="test_duplicate_json_keys_are_rejected_before_model_validation" time="0.000" /><testcase classname="tests.vnext.test_contract_shapes" name="test_nonfinite_json_numbers_are_rejected[NaN]" time="0.000" /><testcase classname="tests.vnext.test_contract_shapes" name="test_nonfinite_json_numbers_are_rejected[Infinity]" time="0.000" /><testcase classname="tests.vnext.test_contract_shapes" name="test_nonfinite_json_numbers_are_rejected[-Infinity]" time="0.000" /><testcase classname="tests.vnext.test_contract_shapes" name="test_canonical_json_preserves_strings_and_array_order" time="0.000" /><testcase classname="tests.vnext.test_contract_shapes" name="test_canonical_json_ignores_only_object_key_order_and_outer_spacing" time="0.000" /><testcase classname="tests.vnext.test_contract_shapes" name="test_protected_asgi_route_requires_a_bearer_token" time="0.225" /><testcase classname="tests.vnext.test_contract_shapes" name="test_protected_asgi_route_rejects_a_tampered_issuer_token" time="0.072" /><testcase classname="tests.vnext.test_contract_shapes" name="test_protected_asgi_route_rejects_invalid_registered_claims[wrong_issuer]" time="0.076" /><testcase classname="tests.vnext.test_contract_shapes" name="test_protected_asgi_route_rejects_invalid_registered_claims[wrong_audience]" time="0.084" /><testcase classname="tests.vnext.test_contract_shapes" name="test_protected_asgi_route_rejects_invalid_registered_claims[expired]" time="0.329" /><testcase classname="tests.vnext.test_contract_shapes" name="test_issuer_signed_identity_reaches_the_real_asgi_route" time="0.068" /><testcase classname="tests.vnext.test_contract_shapes" name="test_asgi_boundary_rejects_unsafe_json_before_route_dispatch[{&quot;authority&quot;:&quot;agent&quot;,&quot;authority&quot;:&quot;collector&quot;}]" time="0.069" /><testcase classname="tests.vnext.test_contract_shapes" name="test_asgi_boundary_rejects_unsafe_json_before_route_dispatch[{&quot;coordinate&quot;:NaN}]" time="0.151" /><testcase classname="tests.vnext.test_contract_shapes" name="test_asgi_model_validation_uses_the_versioned_error_envelope" time="0.101" /><testcase classname="tests.vnext.test_contract_shapes" name="test_db_conn_is_real_postgres_in_an_isolated_nonowner_database" time="0.157" /></testsuite></testsuites>