<?xml version="1.0" encoding="utf-8"?><testsuites name="pytest tests"><testsuite name="pytest" errors="0" failures="0" skipped="0" tests="3" time="1.639" timestamp="2026-09-13T07:57:18.824502+08:00" hostname="MacBook-Pro-4.local"><testcase classname="tests.vnext.test_knowledge_admission" name="test_migration_preserves_heads_and_rejects_unknown" time="0.248" /><testcase classname="tests.vnext.test_knowledge_admission" name="test_private_new_premise_revision_invalidates_low_reader_fact" time="0.681" /><testcase classname="tests.vnext.test_knowledge_admission" name="test_result_readset_uses_authoritative_freshness_for_private_new_version" time="0.631" /></testsuite></testsuites>