<?xml version="1.0" encoding="utf-8"?><testsuites name="pytest tests"><testsuite name="pytest" errors="0" failures="0" skipped="0" tests="24" time="13.177" timestamp="2026-09-13T07:20:02.156871+08:00" hostname="MacBook-Pro-4.local"><testcase classname="tests.vnext.test_knowledge_admission" name="test_revision_and_raw_first_wire_contract" time="0.004" /><testcase classname="tests.vnext.test_knowledge_admission" name="test_agent_candidate_real_check_and_only_one_body" time="0.656" /><testcase classname="tests.vnext.test_knowledge_admission" name="test_precise_checker_does_not_launder_evidence[wrong-value-contradicted]" time="0.487" /><testcase classname="tests.vnext.test_knowledge_admission" name="test_precise_checker_does_not_launder_evidence[unrelated-prose-unassessed]" time="0.687" /><testcase classname="tests.vnext.test_knowledge_admission" name="test_precise_checker_does_not_launder_evidence[partial-negative-inconclusive]" time="0.449" /><testcase classname="tests.vnext.test_knowledge_admission" name="test_free_candidates_and_model_opinions_do_not_self_certify" time="0.619" /><testcase classname="tests.vnext.test_knowledge_admission" name="test_revision_conflict_aggregation_and_frozen_snapshot" time="0.720" /><testcase classname="tests.vnext.test_knowledge_admission" name="test_raw_first_rejection_and_model_output_has_no_capture_power" time="0.606" /><testcase classname="tests.vnext.test_knowledge_admission" name="test_same_batch_topology_failure_has_no_phantom_records" time="0.558" /><testcase classname="tests.vnext.test_knowledge_admission" name="test_old_snapshot_append_and_current_auth_recheck" time="0.671" /><testcase classname="tests.vnext.test_knowledge_admission" name="test_claim_cross_owner_refs_and_agent_revision_authority" time="0.431" /><testcase classname="tests.vnext.test_knowledge_admission" name="test_assessment_actions_are_append_only_and_qualified" time="0.628" /><testcase classname="tests.vnext.test_knowledge_admission" name="test_raw_reconcile_after_received_and_late_settlement" time="0.727" /><testcase classname="tests.vnext.test_knowledge_admission" name="test_model_output_capability_cannot_seal_capture_or_change_lease" time="0.715" /><testcase classname="tests.vnext.test_knowledge_admission" name="test_batch_invalid_graph_preserves_independent_claim[values0]" time="0.472" /><testcase classname="tests.vnext.test_knowledge_admission" name="test_batch_invalid_graph_preserves_independent_claim[values1]" time="0.416" /><testcase classname="tests.vnext.test_knowledge_admission" name="test_batch_invalid_graph_preserves_independent_claim[values2]" time="0.487" /><testcase classname="tests.vnext.test_knowledge_admission" name="test_stale_readset_has_persistent_limit_not_execution_failure" time="0.491" /><testcase classname="tests.vnext.test_knowledge_admission" name="test_fixed_snapshot_includes_assessment_inputs_and_checks_current_access" time="0.522" /><testcase classname="tests.vnext.test_knowledge_admission" name="test_migration_preserves_heads_and_rejects_unknown" time="0.223" /><testcase classname="tests.vnext.test_knowledge_admission" name="test_generic_scalar_checks_keep_precision_and_partial_scope" time="1.009" /><testcase classname="tests.vnext.test_knowledge_admission" name="test_model_final_output_for_run_without_any_tool_attempt" time="0.508" /><testcase classname="tests.vnext.test_knowledge_admission" name="test_assessment_request_keeps_actor_foreign_key" time="0.464" /><testcase classname="tests.vnext.test_knowledge_admission" name="test_unverified_intent_is_readable_but_not_in_older_snapshot" time="0.542" /></testsuite></testsuites>