<?xml version="1.0" encoding="utf-8"?><testsuites name="pytest tests"><testsuite name="pytest" errors="0" failures="0" skipped="0" tests="6" time="3.405" timestamp="2026-09-13T07:27:08.627984+08:00" hostname="MacBook-Pro-4.local"><testcase classname="tests.vnext.test_knowledge_admission" name="test_agent_candidate_real_check_and_only_one_body" time="0.819" /><testcase classname="tests.vnext.test_knowledge_admission" name="test_revision_conflict_aggregation_and_frozen_snapshot" time="0.678" /><testcase classname="tests.vnext.test_knowledge_admission" name="test_fixed_snapshot_includes_assessment_inputs_and_checks_current_access" time="0.438" /><testcase classname="tests.vnext.test_knowledge_admission" name="test_migration_preserves_heads_and_rejects_unknown" time="0.219" /><testcase classname="tests.vnext.test_knowledge_admission" name="test_unverified_intent_is_readable_but_not_in_older_snapshot" time="0.438" /><testcase classname="tests.vnext.test_knowledge_admission" name="test_hidden_counterevidence_cannot_turn_public_claim_into_fact" time="0.739" /></testsuite></testsuites>