<?xml version="1.0" encoding="utf-8"?><testsuites name="pytest tests"><testsuite name="pytest" errors="0" failures="0" skipped="0" tests="5" time="2.992" timestamp="2026-09-19T18:26:03.514550+08:00" hostname="MacBook-Pro-4.local"><testcase classname="tests.first_use.test_candidate_seams" name="test_lost_budget_response_remains_reconcilable_in_real_launch_worker" time="1.281" /><testcase classname="tests.first_use.test_candidate_seams" name="test_production_prepare_maps_unknown_budget_to_launch_unknown" time="0.031" /><testcase classname="tests.first_use.test_candidate_seams" name="test_wire_observation_does_not_accept_pod_without_gate_binding" time="0.977" /><testcase classname="tests.first_use.test_candidate_seams" name="test_active_wire_repair_completes_configmaps_profiles_services_and_continues" time="0.030" /><testcase classname="tests.first_use.test_candidate_seams" name="test_cancelled_prepare_observation_does_not_invoke_prepare_again" time="0.029" /></testsuite></testsuites>