<?xml version="1.0" encoding="utf-8"?><testsuites name="pytest tests"><testsuite name="pytest" errors="0" failures="0" skipped="0" tests="6" time="3.015" timestamp="2026-09-13T06:38:42.383094+08:00" hostname="MacBook-Pro-4.local"><testcase classname="tests.vnext.test_p03_fix_round1" name="test_non_evidence_context_cannot_mutate_artifact_or_collector_lease[agent-fixture-agent-write]" time="0.523" /><testcase classname="tests.vnext.test_p03_fix_round1" name="test_non_evidence_context_cannot_mutate_artifact_or_collector_lease[agent-fixture-agent-snapshot]" time="0.415" /><testcase classname="tests.vnext.test_p03_fix_round1" name="test_non_evidence_context_cannot_mutate_artifact_or_collector_lease[collector-fixture-collector-snapshot]" time="0.597" /><testcase classname="tests.vnext.test_p03_fix_round1" name="test_evidence_flag_still_requires_nonrevoked_stored_binding" time="0.402" /><testcase classname="tests.vnext.test_p03_fix_round1" name="test_bound_evidence_mutations_keep_seal_snapshot_publication_and_gc" time="0.511" /><testcase classname="tests.vnext.test_p03_fix_round1" name="test_task_lock_does_not_block_an_unrelated_request_on_same_asgi_loop" time="0.539" /></testsuite></testsuites>