<?xml version="1.0" encoding="utf-8"?><testsuites name="pytest tests"><testsuite name="pytest" errors="0" failures="0" skipped="0" tests="28" time="16.469" timestamp="2026-09-13T08:46:40.071532+08:00" hostname="MacBook-Pro-4.local"><testcase classname="tests.vnext.test_work_state_guards" name="test_result_is_not_exit_rule" time="0.001" /><testcase classname="tests.vnext.test_work_state_guards" name="test_criterion_reference_is_dedicated_and_condition_checked" time="0.001" /><testcase classname="tests.vnext.test_work_state_guards" name="test_start_cas_idempotency_and_knowledge_cannot_control" time="0.766" /><testcase classname="tests.vnext.test_work_state_guards" name="test_task_pause_preserves_hold_and_fresh_unstarted_work" time="0.702" /><testcase classname="tests.vnext.test_work_state_guards" name="test_accepted_result_keeps_capacity_until_stored_exit" time="0.987" /><testcase classname="tests.vnext.test_work_state_guards" name="test_hold_revokes_only_one_work_and_unknown_keeps_reservation" time="0.611" /><testcase classname="tests.vnext.test_work_state_guards" name="test_dependencies_use_real_settlement_and_criterion_rows" time="0.563" /><testcase classname="tests.vnext.test_work_state_guards" name="test_close_intent_preserves_partial_outcome_and_never_marks_unrun_done" time="0.523" /><testcase classname="tests.vnext.test_work_state_guards" name="test_waiting_input_survives_pause_and_published_resume" time="0.841" /><testcase classname="tests.vnext.test_work_state_guards" name="test_missing_session_pins_and_unsettled_operations_block_resume" time="0.811" /><testcase classname="tests.vnext.test_work_state_guards" name="test_completion_epoch_abort_only_removes_its_own_cause" time="0.599" /><testcase classname="tests.vnext.test_work_state_guards" name="test_observer_acl_digest_birth_identity_and_no_raw_control_escalation" time="0.558" /><testcase classname="tests.vnext.test_work_state_guards" name="test_result_projection_replay_incomplete_and_late_receipt" time="0.752" /><testcase classname="tests.vnext.test_work_state_guards" name="test_missing_final_output_cas_preserves_late_history" time="0.838" /><testcase classname="tests.vnext.test_work_state_guards" name="test_capacity_limit_atomic_rollback_and_prelock_order" time="0.709" /><testcase classname="tests.vnext.test_work_state_guards" name="test_criterion_current_fixed_judgment_and_failed_not_success" time="0.530" /><testcase classname="tests.vnext.test_work_state_guards" name="test_cancel_preserves_independent_captured_evidence_without_fact" time="0.750" /><testcase classname="tests.vnext.test_work_state_guards" name="test_known_not_started_receipt_allows_fresh_resume_and_releases_once" time="0.604" /><testcase classname="tests.vnext.test_work_state_guards" name="test_shared_global_pool_serializes_two_tenants" time="0.423" /><testcase classname="tests.vnext.test_work_state_guards" name="test_two_connections_cannot_commit_dependency_cycle" time="0.424" /><testcase classname="tests.vnext.test_work_state_guards" name="test_missing_definition_and_pool_configuration_fail_closed" time="0.538" /><testcase classname="tests.vnext.test_work_state_guards" name="test_upgrade_projects_real_p04_receipts_without_activating_history" time="0.469" /><testcase classname="tests.vnext.test_work_state_guards" name="test_exit_receipt_before_running_notification_settles_without_illegal_edge" time="0.634" /><testcase classname="tests.vnext.test_work_state_guards" name="test_completion_closes_with_partial_and_cancels_only_unsettled_work" time="0.690" /><testcase classname="tests.vnext.test_work_state_guards" name="test_capacity_rechecks_work_hold_even_with_old_run_permission" time="0.449" /><testcase classname="tests.vnext.test_work_state_guards" name="test_unknown_external_operation_keeps_task_reconciling_after_local_exit" time="0.522" /><testcase classname="tests.vnext.test_work_state_guards" name="test_real_superseded_intent_cancels_work_with_reason_not_new_state" time="0.499" /><testcase classname="tests.vnext.test_work_state_guards" name="test_explicit_process_failure_keeps_accepted_result_separate" time="0.638" /></testsuite></testsuites>